This file contains any messages produced by compilers while
running configure, to aid debugging if configure makes a mistake.

It was created by configure, which was
generated by GNU Autoconf 2.69.  Invocation command line was

  $ ./configure 

## --------- ##
## Platform. ##
## --------- ##

hostname = cerebro
uname -m = i686
uname -r = 3.2.29-smp
uname -s = Linux
uname -v = #2 SMP Mon Sep 17 13:16:43 CDT 2012

/usr/bin/uname -p = Intel(R) Core(TM) i5-3320M CPU @ 2.60GHz
/bin/uname -X     = unknown

/bin/arch              = i686
/usr/bin/arch -k       = unknown
/usr/convex/getsysinfo = unknown
/usr/bin/hostinfo      = unknown
/bin/machine           = unknown
/usr/bin/oslevel       = unknown
/bin/universe          = unknown

PATH: /usr/local/bin
PATH: /usr/bin
PATH: /bin
PATH: /usr/games
PATH: /usr/lib/qt/bin
PATH: /usr/share/texmf/bin
PATH: .


## ----------- ##
## Core tests. ##
## ----------- ##

configure:2075: checking for gcc
configure:2091: found /usr/bin/gcc
configure:2102: result: gcc
configure:2331: checking for C compiler version
configure:2340: gcc --version >&5
gcc (GCC) 4.7.1
Copyright (C) 2012 Free Software Foundation, Inc.
This is free software; see the source for copying conditions.  There is NO
warranty; not even for MERCHANTABILITY or FITNESS FOR A PARTICULAR PURPOSE.

configure:2351: $? = 0
configure:2340: gcc -v >&5
Reading specs from /usr/lib/gcc/i486-slackware-linux/4.7.1/specs
COLLECT_GCC=gcc
COLLECT_LTO_WRAPPER=/usr/libexec/gcc/i486-slackware-linux/4.7.1/lto-wrapper
Target: i486-slackware-linux
Configured with: ../gcc-4.7.1/configure --prefix=/usr --libdir=/usr/lib --mandir=/usr/man --infodir=/usr/info --enable-shared --enable-bootstrap --enable-languages=ada,c,c++,fortran,go,java,lto,objc --enable-threads=posix --enable-checking=release --enable-objc-gc --with-system-zlib --with-python-dir=/lib/python2.7/site-packages --disable-libunwind-exceptions --enable-__cxa_atexit --enable-libssp --enable-lto --with-gnu-ld --verbose --enable-java-home --with-java-home=/usr/lib/jvm/jre --with-jvm-root-dir=/usr/lib/jvm --with-jvm-jar-dir=/usr/lib/jvm/jvm-exports --with-arch-directory=i386 --with-antlr-jar=/root/slackware-current/source/d/gcc/antlr-runtime-3.4.jar --enable-java-awt=gtk --disable-gtktest --with-arch=i486 --target=i486-slackware-linux --build=i486-slackware-linux --host=i486-slackware-linux
Thread model: posix
gcc version 4.7.1 (GCC) 
configure:2351: $? = 0
configure:2340: gcc -V >&5
gcc: error: unrecognized command line option '-V'
gcc: fatal error: no input files
compilation terminated.
configure:2351: $? = 1
configure:2340: gcc -qversion >&5
gcc: error: unrecognized command line option '-qversion'
gcc: fatal error: no input files
compilation terminated.
configure:2351: $? = 1
configure:2371: checking whether the C compiler works
configure:2393: gcc    conftest.c  >&5
configure:2397: $? = 0
configure:2445: result: yes
configure:2448: checking for C compiler default output file name
configure:2450: result: a.out
configure:2456: checking for suffix of executables
configure:2463: gcc -o conftest    conftest.c  >&5
configure:2467: $? = 0
configure:2489: result: 
configure:2511: checking whether we are cross compiling
configure:2519: gcc -o conftest    conftest.c  >&5
configure:2523: $? = 0
configure:2530: ./conftest
configure:2534: $? = 0
configure:2549: result: no
configure:2554: checking for suffix of object files
configure:2576: gcc -c   conftest.c >&5
configure:2580: $? = 0
configure:2601: result: o
configure:2605: checking whether we are using the GNU C compiler
configure:2624: gcc -c   conftest.c >&5
configure:2624: $? = 0
configure:2633: result: yes
configure:2642: checking whether gcc accepts -g
configure:2662: gcc -c -g  conftest.c >&5
configure:2662: $? = 0
configure:2703: result: yes
configure:2720: checking for gcc option to accept ISO C89
configure:2783: gcc  -c -g -O2  conftest.c >&5
configure:2783: $? = 0
configure:2796: result: none needed
configure:2822: checking how to run the C preprocessor
configure:2853: gcc -E  conftest.c
configure:2853: $? = 0
configure:2867: gcc -E  conftest.c
conftest.c:9:28: fatal error: ac_nonexistent.h: No such file or directory
compilation terminated.
configure:2867: $? = 1
configure: failed program was:
| /* confdefs.h */
| #define PACKAGE_NAME ""
| #define PACKAGE_TARNAME ""
| #define PACKAGE_VERSION ""
| #define PACKAGE_STRING ""
| #define PACKAGE_BUGREPORT ""
| #define PACKAGE_URL ""
| /* end confdefs.h.  */
| #include <ac_nonexistent.h>
configure:2892: result: gcc -E
configure:2912: gcc -E  conftest.c
configure:2912: $? = 0
configure:2926: gcc -E  conftest.c
conftest.c:9:28: fatal error: ac_nonexistent.h: No such file or directory
compilation terminated.
configure:2926: $? = 1
configure: failed program was:
| /* confdefs.h */
| #define PACKAGE_NAME ""
| #define PACKAGE_TARNAME ""
| #define PACKAGE_VERSION ""
| #define PACKAGE_STRING ""
| #define PACKAGE_BUGREPORT ""
| #define PACKAGE_URL ""
| /* end confdefs.h.  */
| #include <ac_nonexistent.h>
configure:2955: checking for grep that handles long lines and -e
configure:3013: result: /usr/bin/grep
configure:3018: checking for egrep
configure:3080: result: /usr/bin/grep -E
configure:3086: checking whether gcc needs -traditional
configure:3120: result: no
configure:3170: checking for a BSD-compatible install
configure:3238: result: /usr/bin/ginstall -c
configure:3292: checking for ranlib
configure:3308: found /usr/bin/ranlib
configure:3319: result: ranlib
configure:3384: checking for ar
configure:3400: found /usr/bin/ar
configure:3411: result: ar
configure:3434: checking for ANSI C header files
configure:3454: gcc -c -g -O2  conftest.c >&5
configure:3454: $? = 0
configure:3527: gcc -o conftest -g -O2   conftest.c  >&5
configure:3527: $? = 0
configure:3527: ./conftest
configure:3527: $? = 0
configure:3538: result: yes
configure:3551: checking for sys/types.h
configure:3551: gcc -c -g -O2  conftest.c >&5
configure:3551: $? = 0
configure:3551: result: yes
configure:3551: checking for sys/stat.h
configure:3551: gcc -c -g -O2  conftest.c >&5
configure:3551: $? = 0
configure:3551: result: yes
configure:3551: checking for stdlib.h
configure:3551: gcc -c -g -O2  conftest.c >&5
configure:3551: $? = 0
configure:3551: result: yes
configure:3551: checking for string.h
configure:3551: gcc -c -g -O2  conftest.c >&5
configure:3551: $? = 0
configure:3551: result: yes
configure:3551: checking for memory.h
configure:3551: gcc -c -g -O2  conftest.c >&5
configure:3551: $? = 0
configure:3551: result: yes
configure:3551: checking for strings.h
configure:3551: gcc -c -g -O2  conftest.c >&5
configure:3551: $? = 0
configure:3551: result: yes
configure:3551: checking for inttypes.h
configure:3551: gcc -c -g -O2  conftest.c >&5
configure:3551: $? = 0
configure:3551: result: yes
configure:3551: checking for stdint.h
configure:3551: gcc -c -g -O2  conftest.c >&5
configure:3551: $? = 0
configure:3551: result: yes
configure:3551: checking for unistd.h
configure:3551: gcc -c -g -O2  conftest.c >&5
configure:3551: $? = 0
configure:3551: result: yes
configure:3566: checking elf.h usability
configure:3566: gcc -c -g -O2  conftest.c >&5
configure:3566: $? = 0
configure:3566: result: yes
configure:3566: checking elf.h presence
configure:3566: gcc -E  conftest.c
configure:3566: $? = 0
configure:3566: result: yes
configure:3566: checking for elf.h
configure:3566: result: yes
configure:3566: checking getopt.h usability
configure:3566: gcc -c -g -O2  conftest.c >&5
configure:3566: $? = 0
configure:3566: result: yes
configure:3566: checking getopt.h presence
configure:3566: gcc -E  conftest.c
configure:3566: $? = 0
configure:3566: result: yes
configure:3566: checking for getopt.h
configure:3566: result: yes
configure:3566: checking libelf.h usability
configure:3566: gcc -c -g -O2  conftest.c >&5
conftest.c:54:20: fatal error: libelf.h: No such file or directory
compilation terminated.
configure:3566: $? = 1
configure: failed program was:
| /* confdefs.h */
| #define PACKAGE_NAME ""
| #define PACKAGE_TARNAME ""
| #define PACKAGE_VERSION ""
| #define PACKAGE_STRING ""
| #define PACKAGE_BUGREPORT ""
| #define PACKAGE_URL ""
| #define STDC_HEADERS 1
| #define HAVE_SYS_TYPES_H 1
| #define HAVE_SYS_STAT_H 1
| #define HAVE_STDLIB_H 1
| #define HAVE_STRING_H 1
| #define HAVE_MEMORY_H 1
| #define HAVE_STRINGS_H 1
| #define HAVE_INTTYPES_H 1
| #define HAVE_STDINT_H 1
| #define HAVE_UNISTD_H 1
| #define HAVE_ELF_H 1
| #define HAVE_GETOPT_H 1
| /* end confdefs.h.  */
| #include <stdio.h>
| #ifdef HAVE_SYS_TYPES_H
| # include <sys/types.h>
| #endif
| #ifdef HAVE_SYS_STAT_H
| # include <sys/stat.h>
| #endif
| #ifdef STDC_HEADERS
| # include <stdlib.h>
| # include <stddef.h>
| #else
| # ifdef HAVE_STDLIB_H
| #  include <stdlib.h>
| # endif
| #endif
| #ifdef HAVE_STRING_H
| # if !defined STDC_HEADERS && defined HAVE_MEMORY_H
| #  include <memory.h>
| # endif
| # include <string.h>
| #endif
| #ifdef HAVE_STRINGS_H
| # include <strings.h>
| #endif
| #ifdef HAVE_INTTYPES_H
| # include <inttypes.h>
| #endif
| #ifdef HAVE_STDINT_H
| # include <stdint.h>
| #endif
| #ifdef HAVE_UNISTD_H
| # include <unistd.h>
| #endif
| #include <libelf.h>
configure:3566: result: no
configure:3566: checking libelf.h presence
configure:3566: gcc -E  conftest.c
conftest.c:21:20: fatal error: libelf.h: No such file or directory
compilation terminated.
configure:3566: $? = 1
configure: failed program was:
| /* confdefs.h */
| #define PACKAGE_NAME ""
| #define PACKAGE_TARNAME ""
| #define PACKAGE_VERSION ""
| #define PACKAGE_STRING ""
| #define PACKAGE_BUGREPORT ""
| #define PACKAGE_URL ""
| #define STDC_HEADERS 1
| #define HAVE_SYS_TYPES_H 1
| #define HAVE_SYS_STAT_H 1
| #define HAVE_STDLIB_H 1
| #define HAVE_STRING_H 1
| #define HAVE_MEMORY_H 1
| #define HAVE_STRINGS_H 1
| #define HAVE_INTTYPES_H 1
| #define HAVE_STDINT_H 1
| #define HAVE_UNISTD_H 1
| #define HAVE_ELF_H 1
| #define HAVE_GETOPT_H 1
| /* end confdefs.h.  */
| #include <libelf.h>
configure:3566: result: no
configure:3566: checking for libelf.h
configure:3566: result: no
configure:3566: checking libelf/libelf.h usability
configure:3566: gcc -c -g -O2  conftest.c >&5
configure:3566: $? = 0
configure:3566: result: yes
configure:3566: checking libelf/libelf.h presence
configure:3566: gcc -E  conftest.c
configure:3566: $? = 0
configure:3566: result: yes
configure:3566: checking for libelf/libelf.h
configure:3566: result: yes
configure:3566: checking sgidefs.h usability
configure:3566: gcc -c -g -O2  conftest.c >&5
conftest.c:55:21: fatal error: sgidefs.h: No such file or directory
compilation terminated.
configure:3566: $? = 1
configure: failed program was:
| /* confdefs.h */
| #define PACKAGE_NAME ""
| #define PACKAGE_TARNAME ""
| #define PACKAGE_VERSION ""
| #define PACKAGE_STRING ""
| #define PACKAGE_BUGREPORT ""
| #define PACKAGE_URL ""
| #define STDC_HEADERS 1
| #define HAVE_SYS_TYPES_H 1
| #define HAVE_SYS_STAT_H 1
| #define HAVE_STDLIB_H 1
| #define HAVE_STRING_H 1
| #define HAVE_MEMORY_H 1
| #define HAVE_STRINGS_H 1
| #define HAVE_INTTYPES_H 1
| #define HAVE_STDINT_H 1
| #define HAVE_UNISTD_H 1
| #define HAVE_ELF_H 1
| #define HAVE_GETOPT_H 1
| #define HAVE_LIBELF_LIBELF_H 1
| /* end confdefs.h.  */
| #include <stdio.h>
| #ifdef HAVE_SYS_TYPES_H
| # include <sys/types.h>
| #endif
| #ifdef HAVE_SYS_STAT_H
| # include <sys/stat.h>
| #endif
| #ifdef STDC_HEADERS
| # include <stdlib.h>
| # include <stddef.h>
| #else
| # ifdef HAVE_STDLIB_H
| #  include <stdlib.h>
| # endif
| #endif
| #ifdef HAVE_STRING_H
| # if !defined STDC_HEADERS && defined HAVE_MEMORY_H
| #  include <memory.h>
| # endif
| # include <string.h>
| #endif
| #ifdef HAVE_STRINGS_H
| # include <strings.h>
| #endif
| #ifdef HAVE_INTTYPES_H
| # include <inttypes.h>
| #endif
| #ifdef HAVE_STDINT_H
| # include <stdint.h>
| #endif
| #ifdef HAVE_UNISTD_H
| # include <unistd.h>
| #endif
| #include <sgidefs.h>
configure:3566: result: no
configure:3566: checking sgidefs.h presence
configure:3566: gcc -E  conftest.c
conftest.c:22:21: fatal error: sgidefs.h: No such file or directory
compilation terminated.
configure:3566: $? = 1
configure: failed program was:
| /* confdefs.h */
| #define PACKAGE_NAME ""
| #define PACKAGE_TARNAME ""
| #define PACKAGE_VERSION ""
| #define PACKAGE_STRING ""
| #define PACKAGE_BUGREPORT ""
| #define PACKAGE_URL ""
| #define STDC_HEADERS 1
| #define HAVE_SYS_TYPES_H 1
| #define HAVE_SYS_STAT_H 1
| #define HAVE_STDLIB_H 1
| #define HAVE_STRING_H 1
| #define HAVE_MEMORY_H 1
| #define HAVE_STRINGS_H 1
| #define HAVE_INTTYPES_H 1
| #define HAVE_STDINT_H 1
| #define HAVE_UNISTD_H 1
| #define HAVE_ELF_H 1
| #define HAVE_GETOPT_H 1
| #define HAVE_LIBELF_LIBELF_H 1
| /* end confdefs.h.  */
| #include <sgidefs.h>
configure:3566: result: no
configure:3566: checking for sgidefs.h
configure:3566: result: no
configure:3566: checking for sys/types.h
configure:3566: result: yes
configure:3576: checking for elf64_getehdr in -lelf
configure:3601: gcc -o conftest -g -O2   conftest.c -lelf   >&5
configure:3601: $? = 0
configure:3610: result: yes
configure:3644: gcc -c -g -O2  conftest.c >&5
conftest.c:25:20: fatal error: stdafx.h: No such file or directory
compilation terminated.
configure:3644: $? = 1
configure: failed program was:
| /* confdefs.h */
| #define PACKAGE_NAME ""
| #define PACKAGE_TARNAME ""
| #define PACKAGE_VERSION ""
| #define PACKAGE_STRING ""
| #define PACKAGE_BUGREPORT ""
| #define PACKAGE_URL ""
| #define STDC_HEADERS 1
| #define HAVE_SYS_TYPES_H 1
| #define HAVE_SYS_STAT_H 1
| #define HAVE_STDLIB_H 1
| #define HAVE_STRING_H 1
| #define HAVE_MEMORY_H 1
| #define HAVE_STRINGS_H 1
| #define HAVE_INTTYPES_H 1
| #define HAVE_STDINT_H 1
| #define HAVE_UNISTD_H 1
| #define HAVE_ELF_H 1
| #define HAVE_GETOPT_H 1
| #define HAVE_LIBELF_LIBELF_H 1
| #define HAVE_SYS_TYPES_H 1
| #define HAVE_ELF64_GETEHDR 1
| #define LOCATION_OF_LIBELFHEADER <elf.h>
| /* end confdefs.h.  */
| #include "stdafx.h"
| int
| main ()
| {
|   int p; p = 27;
|   ;
|   return 0;
| }
configure:3662: gcc -c -g -O2  conftest.c >&5
configure:3662: $? = 0
configure:3679: gcc -c -g -O2  conftest.c >&5
conftest.c: In function 'main':
conftest.c:30:1: error: unknown type name '__uint32_t'
configure:3679: $? = 1
configure: failed program was:
| /* confdefs.h */
| #define PACKAGE_NAME ""
| #define PACKAGE_TARNAME ""
| #define PACKAGE_VERSION ""
| #define PACKAGE_STRING ""
| #define PACKAGE_BUGREPORT ""
| #define PACKAGE_URL ""
| #define STDC_HEADERS 1
| #define HAVE_SYS_TYPES_H 1
| #define HAVE_SYS_STAT_H 1
| #define HAVE_STDLIB_H 1
| #define HAVE_STRING_H 1
| #define HAVE_MEMORY_H 1
| #define HAVE_STRINGS_H 1
| #define HAVE_INTTYPES_H 1
| #define HAVE_STDINT_H 1
| #define HAVE_UNISTD_H 1
| #define HAVE_ELF_H 1
| #define HAVE_GETOPT_H 1
| #define HAVE_LIBELF_LIBELF_H 1
| #define HAVE_SYS_TYPES_H 1
| #define HAVE_ELF64_GETEHDR 1
| #define LOCATION_OF_LIBELFHEADER <elf.h>
| #define HAVE_ELF64_R_INFO 1
| /* end confdefs.h.  */
| 
| int
| main ()
| {
| __uint32_t p; p = 3;
|   ;
|   return 0;
| }
configure:3696: gcc -c -g -O2  conftest.c >&5
conftest.c: In function 'main':
conftest.c:30:1: error: unknown type name '__uint64_t'
configure:3696: $? = 1
configure: failed program was:
| /* confdefs.h */
| #define PACKAGE_NAME ""
| #define PACKAGE_TARNAME ""
| #define PACKAGE_VERSION ""
| #define PACKAGE_STRING ""
| #define PACKAGE_BUGREPORT ""
| #define PACKAGE_URL ""
| #define STDC_HEADERS 1
| #define HAVE_SYS_TYPES_H 1
| #define HAVE_SYS_STAT_H 1
| #define HAVE_STDLIB_H 1
| #define HAVE_STRING_H 1
| #define HAVE_MEMORY_H 1
| #define HAVE_STRINGS_H 1
| #define HAVE_INTTYPES_H 1
| #define HAVE_STDINT_H 1
| #define HAVE_UNISTD_H 1
| #define HAVE_ELF_H 1
| #define HAVE_GETOPT_H 1
| #define HAVE_LIBELF_LIBELF_H 1
| #define HAVE_SYS_TYPES_H 1
| #define HAVE_ELF64_GETEHDR 1
| #define LOCATION_OF_LIBELFHEADER <elf.h>
| #define HAVE_ELF64_R_INFO 1
| /* end confdefs.h.  */
| 
| int
| main ()
| {
| __uint64_t p; p = 3;
|   ;
|   return 0;
| }
configure:3713: gcc -c -g -O2  conftest.c >&5
configure:3713: $? = 0
configure:3730: gcc -c -g -O2  conftest.c >&5
configure:3730: $? = 0
configure:3755: gcc -c -g -O2  conftest.c >&5
configure:3755: $? = 0
configure:3783: gcc -c -g -O2  conftest.c >&5
conftest.c:30:20: fatal error: libelf.h: No such file or directory
compilation terminated.
configure:3783: $? = 1
configure: failed program was:
| /* confdefs.h */
| #define PACKAGE_NAME ""
| #define PACKAGE_TARNAME ""
| #define PACKAGE_VERSION ""
| #define PACKAGE_STRING ""
| #define PACKAGE_BUGREPORT ""
| #define PACKAGE_URL ""
| #define STDC_HEADERS 1
| #define HAVE_SYS_TYPES_H 1
| #define HAVE_SYS_STAT_H 1
| #define HAVE_STDLIB_H 1
| #define HAVE_STRING_H 1
| #define HAVE_MEMORY_H 1
| #define HAVE_STRINGS_H 1
| #define HAVE_INTTYPES_H 1
| #define HAVE_STDINT_H 1
| #define HAVE_UNISTD_H 1
| #define HAVE_ELF_H 1
| #define HAVE_GETOPT_H 1
| #define HAVE_LIBELF_LIBELF_H 1
| #define HAVE_SYS_TYPES_H 1
| #define HAVE_ELF64_GETEHDR 1
| #define LOCATION_OF_LIBELFHEADER <elf.h>
| #define HAVE_ELF64_R_INFO 1
| #define HAVE___UINT32_T_IN_SYS_TYPES_H 1
| #define HAVE___UINT64_T_IN_SYS_TYPES_H 1
| #define HAVE_REGEX 1
| /* end confdefs.h.  */
| 
| #include <libelf.h>
| 
| int
| main ()
| {
|   int p; p = 0;
|   ;
|   return 0;
| }
configure:3803: gcc -c -g -O2  conftest.c >&5
conftest.c:31:20: fatal error: libelf.h: No such file or directory
compilation terminated.
configure:3803: $? = 1
configure: failed program was:
| /* confdefs.h */
| #define PACKAGE_NAME ""
| #define PACKAGE_TARNAME ""
| #define PACKAGE_VERSION ""
| #define PACKAGE_STRING ""
| #define PACKAGE_BUGREPORT ""
| #define PACKAGE_URL ""
| #define STDC_HEADERS 1
| #define HAVE_SYS_TYPES_H 1
| #define HAVE_SYS_STAT_H 1
| #define HAVE_STDLIB_H 1
| #define HAVE_STRING_H 1
| #define HAVE_MEMORY_H 1
| #define HAVE_STRINGS_H 1
| #define HAVE_INTTYPES_H 1
| #define HAVE_STDINT_H 1
| #define HAVE_UNISTD_H 1
| #define HAVE_ELF_H 1
| #define HAVE_GETOPT_H 1
| #define HAVE_LIBELF_LIBELF_H 1
| #define HAVE_SYS_TYPES_H 1
| #define HAVE_ELF64_GETEHDR 1
| #define LOCATION_OF_LIBELFHEADER <elf.h>
| #define HAVE_ELF64_R_INFO 1
| #define HAVE___UINT32_T_IN_SYS_TYPES_H 1
| #define HAVE___UINT64_T_IN_SYS_TYPES_H 1
| #define HAVE_REGEX 1
| /* end confdefs.h.  */
| 
| #define _GNU_SOURCE
| #include <libelf.h>
| 
| int
| main ()
| {
|   off64_t  p; p = 0;
|   ;
|   return 0;
| }
configure:3928: creating ./config.status

## ---------------------- ##
## Running config.status. ##
## ---------------------- ##

This file was extended by config.status, which was
generated by GNU Autoconf 2.69.  Invocation command line was

  CONFIG_FILES    = 
  CONFIG_HEADERS  = 
  CONFIG_LINKS    = 
  CONFIG_COMMANDS = 
  $ ./config.status 

on cerebro

config.status:813: creating Makefile
config.status:813: creating config.h
config.status:988: config.h is unchanged

## ---------------- ##
## Cache variables. ##
## ---------------- ##

ac_cv_c_compiler_gnu=yes
ac_cv_env_CC_set=
ac_cv_env_CC_value=
ac_cv_env_CFLAGS_set=
ac_cv_env_CFLAGS_value=
ac_cv_env_CPPFLAGS_set=
ac_cv_env_CPPFLAGS_value=
ac_cv_env_CPP_set=
ac_cv_env_CPP_value=
ac_cv_env_LDFLAGS_set=
ac_cv_env_LDFLAGS_value=
ac_cv_env_LIBS_set=
ac_cv_env_LIBS_value=
ac_cv_env_build_alias_set=
ac_cv_env_build_alias_value=
ac_cv_env_host_alias_set=
ac_cv_env_host_alias_value=
ac_cv_env_target_alias_set=
ac_cv_env_target_alias_value=
ac_cv_header_elf_h=yes
ac_cv_header_getopt_h=yes
ac_cv_header_inttypes_h=yes
ac_cv_header_libelf_h=no
ac_cv_header_libelf_libelf_h=yes
ac_cv_header_memory_h=yes
ac_cv_header_sgidefs_h=no
ac_cv_header_stdc=yes
ac_cv_header_stdint_h=yes
ac_cv_header_stdlib_h=yes
ac_cv_header_string_h=yes
ac_cv_header_strings_h=yes
ac_cv_header_sys_stat_h=yes
ac_cv_header_sys_types_h=yes
ac_cv_header_unistd_h=yes
ac_cv_lib_elf_elf64_getehdr=yes
ac_cv_objext=o
ac_cv_path_EGREP='/usr/bin/grep -E'
ac_cv_path_GREP=/usr/bin/grep
ac_cv_path_install='/usr/bin/ginstall -c'
ac_cv_prog_CPP='gcc -E'
ac_cv_prog_ac_ct_AR=ar
ac_cv_prog_ac_ct_CC=gcc
ac_cv_prog_ac_ct_RANLIB=ranlib
ac_cv_prog_cc_c89=
ac_cv_prog_cc_g=yes
ac_cv_prog_gcc_traditional=no

## ----------------- ##
## Output variables. ##
## ----------------- ##

AR='ar'
CC='gcc'
CFLAGS='-g -O2'
CPP='gcc -E'
CPPFLAGS=''
DEFS='-DHAVE_CONFIG_H'
ECHO_C=''
ECHO_N='-n'
ECHO_T=''
EGREP='/usr/bin/grep -E'
EXEEXT=''
GREP='/usr/bin/grep'
INSTALL_DATA='${INSTALL} -m 644'
INSTALL_PROGRAM='${INSTALL}'
INSTALL_SCRIPT='${INSTALL}'
LDFLAGS=''
LIBOBJS=''
LIBS=''
LTLIBOBJS=''
OBJEXT='o'
PACKAGE_BUGREPORT=''
PACKAGE_NAME=''
PACKAGE_STRING=''
PACKAGE_TARNAME=''
PACKAGE_URL=''
PACKAGE_VERSION=''
PATH_SEPARATOR=':'
RANLIB='ranlib'
SHELL='/bin/sh'
ac_ct_CC='gcc'
bindir='${exec_prefix}/bin'
build_alias=''
datadir='${datarootdir}'
datarootdir='${prefix}/share'
docdir='${datarootdir}/doc/${PACKAGE}'
dvidir='${docdir}'
exec_prefix='${prefix}'
host_alias=''
htmldir='${docdir}'
includedir='${prefix}/include'
infodir='${datarootdir}/info'
libdir='${exec_prefix}/lib'
libexecdir='${exec_prefix}/libexec'
localedir='${datarootdir}/locale'
localstatedir='${prefix}/var'
mandir='${datarootdir}/man'
oldincludedir='/usr/include'
pdfdir='${docdir}'
prefix='/usr/local'
program_transform_name='s,x,x,'
psdir='${docdir}'
sbindir='${exec_prefix}/sbin'
sharedstatedir='${prefix}/com'
sysconfdir='${prefix}/etc'
target_alias=''

## ----------- ##
## confdefs.h. ##
## ----------- ##

/* confdefs.h */
#define PACKAGE_NAME ""
#define PACKAGE_TARNAME ""
#define PACKAGE_VERSION ""
#define PACKAGE_STRING ""
#define PACKAGE_BUGREPORT ""
#define PACKAGE_URL ""
#define STDC_HEADERS 1
#define HAVE_SYS_TYPES_H 1
#define HAVE_SYS_STAT_H 1
#define HAVE_STDLIB_H 1
#define HAVE_STRING_H 1
#define HAVE_MEMORY_H 1
#define HAVE_STRINGS_H 1
#define HAVE_INTTYPES_H 1
#define HAVE_STDINT_H 1
#define HAVE_UNISTD_H 1
#define HAVE_ELF_H 1
#define HAVE_GETOPT_H 1
#define HAVE_LIBELF_LIBELF_H 1
#define HAVE_SYS_TYPES_H 1
#define HAVE_ELF64_GETEHDR 1
#define LOCATION_OF_LIBELFHEADER <elf.h>
#define HAVE_ELF64_R_INFO 1
#define HAVE___UINT32_T_IN_SYS_TYPES_H 1
#define HAVE___UINT64_T_IN_SYS_TYPES_H 1
#define HAVE_REGEX 1

configure: exit 0
