This file contains any messages produced by compilers while
running configure, to aid debugging if configure makes a mistake.

It was created by configure, which was
generated by GNU Autoconf 2.69.  Invocation command line was

  $ ./configure 

## --------- ##
## Platform. ##
## --------- ##

hostname = cerebro
uname -m = i686
uname -r = 3.2.29-smp
uname -s = Linux
uname -v = #2 SMP Mon Sep 17 13:16:43 CDT 2012

/usr/bin/uname -p = Intel(R) Core(TM) i5-3320M CPU @ 2.60GHz
/bin/uname -X     = unknown

/bin/arch              = i686
/usr/bin/arch -k       = unknown
/usr/convex/getsysinfo = unknown
/usr/bin/hostinfo      = unknown
/bin/machine           = unknown
/usr/bin/oslevel       = unknown
/bin/universe          = unknown

PATH: /usr/local/bin
PATH: /usr/bin
PATH: /bin
PATH: /usr/games
PATH: /usr/lib/qt/bin
PATH: /usr/share/texmf/bin
PATH: .


## ----------- ##
## Core tests. ##
## ----------- ##

configure:2121: checking for gcc
configure:2137: found /usr/bin/gcc
configure:2148: result: gcc
configure:2377: checking for C compiler version
configure:2386: gcc --version >&5
gcc (GCC) 4.7.1
Copyright (C) 2012 Free Software Foundation, Inc.
This is free software; see the source for copying conditions.  There is NO
warranty; not even for MERCHANTABILITY or FITNESS FOR A PARTICULAR PURPOSE.

configure:2397: $? = 0
configure:2386: gcc -v >&5
Reading specs from /usr/lib/gcc/i486-slackware-linux/4.7.1/specs
COLLECT_GCC=gcc
COLLECT_LTO_WRAPPER=/usr/libexec/gcc/i486-slackware-linux/4.7.1/lto-wrapper
Target: i486-slackware-linux
Configured with: ../gcc-4.7.1/configure --prefix=/usr --libdir=/usr/lib --mandir=/usr/man --infodir=/usr/info --enable-shared --enable-bootstrap --enable-languages=ada,c,c++,fortran,go,java,lto,objc --enable-threads=posix --enable-checking=release --enable-objc-gc --with-system-zlib --with-python-dir=/lib/python2.7/site-packages --disable-libunwind-exceptions --enable-__cxa_atexit --enable-libssp --enable-lto --with-gnu-ld --verbose --enable-java-home --with-java-home=/usr/lib/jvm/jre --with-jvm-root-dir=/usr/lib/jvm --with-jvm-jar-dir=/usr/lib/jvm/jvm-exports --with-arch-directory=i386 --with-antlr-jar=/root/slackware-current/source/d/gcc/antlr-runtime-3.4.jar --enable-java-awt=gtk --disable-gtktest --with-arch=i486 --target=i486-slackware-linux --build=i486-slackware-linux --host=i486-slackware-linux
Thread model: posix
gcc version 4.7.1 (GCC) 
configure:2397: $? = 0
configure:2386: gcc -V >&5
gcc: error: unrecognized command line option '-V'
gcc: fatal error: no input files
compilation terminated.
configure:2397: $? = 1
configure:2386: gcc -qversion >&5
gcc: error: unrecognized command line option '-qversion'
gcc: fatal error: no input files
compilation terminated.
configure:2397: $? = 1
configure:2417: checking whether the C compiler works
configure:2439: gcc    conftest.c  >&5
configure:2443: $? = 0
configure:2491: result: yes
configure:2494: checking for C compiler default output file name
configure:2496: result: a.out
configure:2502: checking for suffix of executables
configure:2509: gcc -o conftest    conftest.c  >&5
configure:2513: $? = 0
configure:2535: result: 
configure:2557: checking whether we are cross compiling
configure:2565: gcc -o conftest    conftest.c  >&5
configure:2569: $? = 0
configure:2576: ./conftest
configure:2580: $? = 0
configure:2595: result: no
configure:2600: checking for suffix of object files
configure:2622: gcc -c   conftest.c >&5
configure:2626: $? = 0
configure:2647: result: o
configure:2651: checking whether we are using the GNU C compiler
configure:2670: gcc -c   conftest.c >&5
configure:2670: $? = 0
configure:2679: result: yes
configure:2688: checking whether gcc accepts -g
configure:2708: gcc -c -g  conftest.c >&5
configure:2708: $? = 0
configure:2749: result: yes
configure:2766: checking for gcc option to accept ISO C89
configure:2829: gcc  -c -g -O2  conftest.c >&5
configure:2829: $? = 0
configure:2842: result: none needed
configure:2920: checking for g++
configure:2936: found /usr/bin/g++
configure:2947: result: g++
configure:2974: checking for C++ compiler version
configure:2983: g++ --version >&5
g++ (GCC) 4.7.1
Copyright (C) 2012 Free Software Foundation, Inc.
This is free software; see the source for copying conditions.  There is NO
warranty; not even for MERCHANTABILITY or FITNESS FOR A PARTICULAR PURPOSE.

configure:2994: $? = 0
configure:2983: g++ -v >&5
Reading specs from /usr/lib/gcc/i486-slackware-linux/4.7.1/specs
COLLECT_GCC=g++
COLLECT_LTO_WRAPPER=/usr/libexec/gcc/i486-slackware-linux/4.7.1/lto-wrapper
Target: i486-slackware-linux
Configured with: ../gcc-4.7.1/configure --prefix=/usr --libdir=/usr/lib --mandir=/usr/man --infodir=/usr/info --enable-shared --enable-bootstrap --enable-languages=ada,c,c++,fortran,go,java,lto,objc --enable-threads=posix --enable-checking=release --enable-objc-gc --with-system-zlib --with-python-dir=/lib/python2.7/site-packages --disable-libunwind-exceptions --enable-__cxa_atexit --enable-libssp --enable-lto --with-gnu-ld --verbose --enable-java-home --with-java-home=/usr/lib/jvm/jre --with-jvm-root-dir=/usr/lib/jvm --with-jvm-jar-dir=/usr/lib/jvm/jvm-exports --with-arch-directory=i386 --with-antlr-jar=/root/slackware-current/source/d/gcc/antlr-runtime-3.4.jar --enable-java-awt=gtk --disable-gtktest --with-arch=i486 --target=i486-slackware-linux --build=i486-slackware-linux --host=i486-slackware-linux
Thread model: posix
gcc version 4.7.1 (GCC) 
configure:2994: $? = 0
configure:2983: g++ -V >&5
g++: error: unrecognized command line option '-V'
g++: fatal error: no input files
compilation terminated.
configure:2994: $? = 1
configure:2983: g++ -qversion >&5
g++: error: unrecognized command line option '-qversion'
g++: fatal error: no input files
compilation terminated.
configure:2994: $? = 1
configure:2998: checking whether we are using the GNU C++ compiler
configure:3017: g++ -c   conftest.cpp >&5
configure:3017: $? = 0
configure:3026: result: yes
configure:3035: checking whether g++ accepts -g
configure:3055: g++ -c -g  conftest.cpp >&5
configure:3055: $? = 0
configure:3096: result: yes
configure:3125: checking how to run the C preprocessor
configure:3156: gcc -E  conftest.c
configure:3156: $? = 0
configure:3170: gcc -E  conftest.c
conftest.c:9:28: fatal error: ac_nonexistent.h: No such file or directory
compilation terminated.
configure:3170: $? = 1
configure: failed program was:
| /* confdefs.h */
| #define PACKAGE_NAME ""
| #define PACKAGE_TARNAME ""
| #define PACKAGE_VERSION ""
| #define PACKAGE_STRING ""
| #define PACKAGE_BUGREPORT ""
| #define PACKAGE_URL ""
| /* end confdefs.h.  */
| #include <ac_nonexistent.h>
configure:3195: result: gcc -E
configure:3215: gcc -E  conftest.c
configure:3215: $? = 0
configure:3229: gcc -E  conftest.c
conftest.c:9:28: fatal error: ac_nonexistent.h: No such file or directory
compilation terminated.
configure:3229: $? = 1
configure: failed program was:
| /* confdefs.h */
| #define PACKAGE_NAME ""
| #define PACKAGE_TARNAME ""
| #define PACKAGE_VERSION ""
| #define PACKAGE_STRING ""
| #define PACKAGE_BUGREPORT ""
| #define PACKAGE_URL ""
| /* end confdefs.h.  */
| #include <ac_nonexistent.h>
configure:3258: checking for grep that handles long lines and -e
configure:3316: result: /usr/bin/grep
configure:3321: checking for egrep
configure:3383: result: /usr/bin/grep -E
configure:3389: checking whether gcc needs -traditional
configure:3423: result: no
configure:3473: checking for a BSD-compatible install
configure:3541: result: /usr/bin/ginstall -c
configure:3595: checking for ranlib
configure:3611: found /usr/bin/ranlib
configure:3622: result: ranlib
configure:3687: checking for ar
configure:3703: found /usr/bin/ar
configure:3714: result: ar
configure:3737: checking for ANSI C header files
configure:3757: gcc -c -g -O2  conftest.c >&5
configure:3757: $? = 0
configure:3830: gcc -o conftest -g -O2   conftest.c  >&5
configure:3830: $? = 0
configure:3830: ./conftest
configure:3830: $? = 0
configure:3841: result: yes
configure:3854: checking for sys/types.h
configure:3854: gcc -c -g -O2  conftest.c >&5
configure:3854: $? = 0
configure:3854: result: yes
configure:3854: checking for sys/stat.h
configure:3854: gcc -c -g -O2  conftest.c >&5
configure:3854: $? = 0
configure:3854: result: yes
configure:3854: checking for stdlib.h
configure:3854: gcc -c -g -O2  conftest.c >&5
configure:3854: $? = 0
configure:3854: result: yes
configure:3854: checking for string.h
configure:3854: gcc -c -g -O2  conftest.c >&5
configure:3854: $? = 0
configure:3854: result: yes
configure:3854: checking for memory.h
configure:3854: gcc -c -g -O2  conftest.c >&5
configure:3854: $? = 0
configure:3854: result: yes
configure:3854: checking for strings.h
configure:3854: gcc -c -g -O2  conftest.c >&5
configure:3854: $? = 0
configure:3854: result: yes
configure:3854: checking for inttypes.h
configure:3854: gcc -c -g -O2  conftest.c >&5
configure:3854: $? = 0
configure:3854: result: yes
configure:3854: checking for stdint.h
configure:3854: gcc -c -g -O2  conftest.c >&5
configure:3854: $? = 0
configure:3854: result: yes
configure:3854: checking for unistd.h
configure:3854: gcc -c -g -O2  conftest.c >&5
configure:3854: $? = 0
configure:3854: result: yes
configure:3869: checking elf.h usability
configure:3869: gcc -c -g -O2  conftest.c >&5
configure:3869: $? = 0
configure:3869: result: yes
configure:3869: checking elf.h presence
configure:3869: gcc -E  conftest.c
configure:3869: $? = 0
configure:3869: result: yes
configure:3869: checking for elf.h
configure:3869: result: yes
configure:3869: checking getopt.h usability
configure:3869: gcc -c -g -O2  conftest.c >&5
configure:3869: $? = 0
configure:3869: result: yes
configure:3869: checking getopt.h presence
configure:3869: gcc -E  conftest.c
configure:3869: $? = 0
configure:3869: result: yes
configure:3869: checking for getopt.h
configure:3869: result: yes
configure:3869: checking libelf.h usability
configure:3869: gcc -c -g -O2  conftest.c >&5
conftest.c:54:20: fatal error: libelf.h: No such file or directory
compilation terminated.
configure:3869: $? = 1
configure: failed program was:
| /* confdefs.h */
| #define PACKAGE_NAME ""
| #define PACKAGE_TARNAME ""
| #define PACKAGE_VERSION ""
| #define PACKAGE_STRING ""
| #define PACKAGE_BUGREPORT ""
| #define PACKAGE_URL ""
| #define STDC_HEADERS 1
| #define HAVE_SYS_TYPES_H 1
| #define HAVE_SYS_STAT_H 1
| #define HAVE_STDLIB_H 1
| #define HAVE_STRING_H 1
| #define HAVE_MEMORY_H 1
| #define HAVE_STRINGS_H 1
| #define HAVE_INTTYPES_H 1
| #define HAVE_STDINT_H 1
| #define HAVE_UNISTD_H 1
| #define HAVE_ELF_H 1
| #define HAVE_GETOPT_H 1
| /* end confdefs.h.  */
| #include <stdio.h>
| #ifdef HAVE_SYS_TYPES_H
| # include <sys/types.h>
| #endif
| #ifdef HAVE_SYS_STAT_H
| # include <sys/stat.h>
| #endif
| #ifdef STDC_HEADERS
| # include <stdlib.h>
| # include <stddef.h>
| #else
| # ifdef HAVE_STDLIB_H
| #  include <stdlib.h>
| # endif
| #endif
| #ifdef HAVE_STRING_H
| # if !defined STDC_HEADERS && defined HAVE_MEMORY_H
| #  include <memory.h>
| # endif
| # include <string.h>
| #endif
| #ifdef HAVE_STRINGS_H
| # include <strings.h>
| #endif
| #ifdef HAVE_INTTYPES_H
| # include <inttypes.h>
| #endif
| #ifdef HAVE_STDINT_H
| # include <stdint.h>
| #endif
| #ifdef HAVE_UNISTD_H
| # include <unistd.h>
| #endif
| #include <libelf.h>
configure:3869: result: no
configure:3869: checking libelf.h presence
configure:3869: gcc -E  conftest.c
conftest.c:21:20: fatal error: libelf.h: No such file or directory
compilation terminated.
configure:3869: $? = 1
configure: failed program was:
| /* confdefs.h */
| #define PACKAGE_NAME ""
| #define PACKAGE_TARNAME ""
| #define PACKAGE_VERSION ""
| #define PACKAGE_STRING ""
| #define PACKAGE_BUGREPORT ""
| #define PACKAGE_URL ""
| #define STDC_HEADERS 1
| #define HAVE_SYS_TYPES_H 1
| #define HAVE_SYS_STAT_H 1
| #define HAVE_STDLIB_H 1
| #define HAVE_STRING_H 1
| #define HAVE_MEMORY_H 1
| #define HAVE_STRINGS_H 1
| #define HAVE_INTTYPES_H 1
| #define HAVE_STDINT_H 1
| #define HAVE_UNISTD_H 1
| #define HAVE_ELF_H 1
| #define HAVE_GETOPT_H 1
| /* end confdefs.h.  */
| #include <libelf.h>
configure:3869: result: no
configure:3869: checking for libelf.h
configure:3869: result: no
configure:3869: checking libelf/libelf.h usability
configure:3869: gcc -c -g -O2  conftest.c >&5
configure:3869: $? = 0
configure:3869: result: yes
configure:3869: checking libelf/libelf.h presence
configure:3869: gcc -E  conftest.c
configure:3869: $? = 0
configure:3869: result: yes
configure:3869: checking for libelf/libelf.h
configure:3869: result: yes
configure:3869: checking sgidefs.h usability
configure:3869: gcc -c -g -O2  conftest.c >&5
conftest.c:55:21: fatal error: sgidefs.h: No such file or directory
compilation terminated.
configure:3869: $? = 1
configure: failed program was:
| /* confdefs.h */
| #define PACKAGE_NAME ""
| #define PACKAGE_TARNAME ""
| #define PACKAGE_VERSION ""
| #define PACKAGE_STRING ""
| #define PACKAGE_BUGREPORT ""
| #define PACKAGE_URL ""
| #define STDC_HEADERS 1
| #define HAVE_SYS_TYPES_H 1
| #define HAVE_SYS_STAT_H 1
| #define HAVE_STDLIB_H 1
| #define HAVE_STRING_H 1
| #define HAVE_MEMORY_H 1
| #define HAVE_STRINGS_H 1
| #define HAVE_INTTYPES_H 1
| #define HAVE_STDINT_H 1
| #define HAVE_UNISTD_H 1
| #define HAVE_ELF_H 1
| #define HAVE_GETOPT_H 1
| #define HAVE_LIBELF_LIBELF_H 1
| /* end confdefs.h.  */
| #include <stdio.h>
| #ifdef HAVE_SYS_TYPES_H
| # include <sys/types.h>
| #endif
| #ifdef HAVE_SYS_STAT_H
| # include <sys/stat.h>
| #endif
| #ifdef STDC_HEADERS
| # include <stdlib.h>
| # include <stddef.h>
| #else
| # ifdef HAVE_STDLIB_H
| #  include <stdlib.h>
| # endif
| #endif
| #ifdef HAVE_STRING_H
| # if !defined STDC_HEADERS && defined HAVE_MEMORY_H
| #  include <memory.h>
| # endif
| # include <string.h>
| #endif
| #ifdef HAVE_STRINGS_H
| # include <strings.h>
| #endif
| #ifdef HAVE_INTTYPES_H
| # include <inttypes.h>
| #endif
| #ifdef HAVE_STDINT_H
| # include <stdint.h>
| #endif
| #ifdef HAVE_UNISTD_H
| # include <unistd.h>
| #endif
| #include <sgidefs.h>
configure:3869: result: no
configure:3869: checking sgidefs.h presence
configure:3869: gcc -E  conftest.c
conftest.c:22:21: fatal error: sgidefs.h: No such file or directory
compilation terminated.
configure:3869: $? = 1
configure: failed program was:
| /* confdefs.h */
| #define PACKAGE_NAME ""
| #define PACKAGE_TARNAME ""
| #define PACKAGE_VERSION ""
| #define PACKAGE_STRING ""
| #define PACKAGE_BUGREPORT ""
| #define PACKAGE_URL ""
| #define STDC_HEADERS 1
| #define HAVE_SYS_TYPES_H 1
| #define HAVE_SYS_STAT_H 1
| #define HAVE_STDLIB_H 1
| #define HAVE_STRING_H 1
| #define HAVE_MEMORY_H 1
| #define HAVE_STRINGS_H 1
| #define HAVE_INTTYPES_H 1
| #define HAVE_STDINT_H 1
| #define HAVE_UNISTD_H 1
| #define HAVE_ELF_H 1
| #define HAVE_GETOPT_H 1
| #define HAVE_LIBELF_LIBELF_H 1
| /* end confdefs.h.  */
| #include <sgidefs.h>
configure:3869: result: no
configure:3869: checking for sgidefs.h
configure:3869: result: no
configure:3869: checking for sys/types.h
configure:3869: result: yes
configure:3879: checking for elf64_getehdr in -lelf
configure:3904: gcc -o conftest -g -O2   conftest.c -lelf   >&5
configure:3904: $? = 0
configure:3913: result: yes
configure:3947: gcc -c -g -O2  conftest.c >&5
configure:3947: $? = 0
configure:3964: gcc -c -g -O2  conftest.c >&5
conftest.c: In function 'main':
conftest.c:30:1: error: unknown type name '__uint32_t'
configure:3964: $? = 1
configure: failed program was:
| /* confdefs.h */
| #define PACKAGE_NAME ""
| #define PACKAGE_TARNAME ""
| #define PACKAGE_VERSION ""
| #define PACKAGE_STRING ""
| #define PACKAGE_BUGREPORT ""
| #define PACKAGE_URL ""
| #define STDC_HEADERS 1
| #define HAVE_SYS_TYPES_H 1
| #define HAVE_SYS_STAT_H 1
| #define HAVE_STDLIB_H 1
| #define HAVE_STRING_H 1
| #define HAVE_MEMORY_H 1
| #define HAVE_STRINGS_H 1
| #define HAVE_INTTYPES_H 1
| #define HAVE_STDINT_H 1
| #define HAVE_UNISTD_H 1
| #define HAVE_ELF_H 1
| #define HAVE_GETOPT_H 1
| #define HAVE_LIBELF_LIBELF_H 1
| #define HAVE_SYS_TYPES_H 1
| #define HAVE_ELF64_GETEHDR 1
| #define LOCATION_OF_LIBELFHEADER <elf.h>
| #define HAVE_ELF64_R_INFO 1
| /* end confdefs.h.  */
| 
| int
| main ()
| {
| __uint32_t p; p = 3;
|   ;
|   return 0;
| }
configure:3981: gcc -c -g -O2  conftest.c >&5
conftest.c: In function 'main':
conftest.c:30:1: error: unknown type name '__uint64_t'
configure:3981: $? = 1
configure: failed program was:
| /* confdefs.h */
| #define PACKAGE_NAME ""
| #define PACKAGE_TARNAME ""
| #define PACKAGE_VERSION ""
| #define PACKAGE_STRING ""
| #define PACKAGE_BUGREPORT ""
| #define PACKAGE_URL ""
| #define STDC_HEADERS 1
| #define HAVE_SYS_TYPES_H 1
| #define HAVE_SYS_STAT_H 1
| #define HAVE_STDLIB_H 1
| #define HAVE_STRING_H 1
| #define HAVE_MEMORY_H 1
| #define HAVE_STRINGS_H 1
| #define HAVE_INTTYPES_H 1
| #define HAVE_STDINT_H 1
| #define HAVE_UNISTD_H 1
| #define HAVE_ELF_H 1
| #define HAVE_GETOPT_H 1
| #define HAVE_LIBELF_LIBELF_H 1
| #define HAVE_SYS_TYPES_H 1
| #define HAVE_ELF64_GETEHDR 1
| #define LOCATION_OF_LIBELFHEADER <elf.h>
| #define HAVE_ELF64_R_INFO 1
| /* end confdefs.h.  */
| 
| int
| main ()
| {
| __uint64_t p; p = 3;
|   ;
|   return 0;
| }
configure:3998: gcc -c -g -O2  conftest.c >&5
configure:3998: $? = 0
configure:4023: gcc -c -g -O2  conftest.c >&5
configure:4023: $? = 0
configure:4051: gcc -c -g -O2  conftest.c >&5
conftest.c:29:20: fatal error: libelf.h: No such file or directory
compilation terminated.
configure:4051: $? = 1
configure: failed program was:
| /* confdefs.h */
| #define PACKAGE_NAME ""
| #define PACKAGE_TARNAME ""
| #define PACKAGE_VERSION ""
| #define PACKAGE_STRING ""
| #define PACKAGE_BUGREPORT ""
| #define PACKAGE_URL ""
| #define STDC_HEADERS 1
| #define HAVE_SYS_TYPES_H 1
| #define HAVE_SYS_STAT_H 1
| #define HAVE_STDLIB_H 1
| #define HAVE_STRING_H 1
| #define HAVE_MEMORY_H 1
| #define HAVE_STRINGS_H 1
| #define HAVE_INTTYPES_H 1
| #define HAVE_STDINT_H 1
| #define HAVE_UNISTD_H 1
| #define HAVE_ELF_H 1
| #define HAVE_GETOPT_H 1
| #define HAVE_LIBELF_LIBELF_H 1
| #define HAVE_SYS_TYPES_H 1
| #define HAVE_ELF64_GETEHDR 1
| #define LOCATION_OF_LIBELFHEADER <elf.h>
| #define HAVE_ELF64_R_INFO 1
| #define HAVE___UINT32_T_IN_SYS_TYPES_H 1
| #define HAVE_REGEX 1
| /* end confdefs.h.  */
| 
| #include <libelf.h>
| 
| int
| main ()
| {
|   int p; p = 0;
|   ;
|   return 0;
| }
configure:4071: gcc -c -g -O2  conftest.c >&5
conftest.c:30:20: fatal error: libelf.h: No such file or directory
compilation terminated.
configure:4071: $? = 1
configure: failed program was:
| /* confdefs.h */
| #define PACKAGE_NAME ""
| #define PACKAGE_TARNAME ""
| #define PACKAGE_VERSION ""
| #define PACKAGE_STRING ""
| #define PACKAGE_BUGREPORT ""
| #define PACKAGE_URL ""
| #define STDC_HEADERS 1
| #define HAVE_SYS_TYPES_H 1
| #define HAVE_SYS_STAT_H 1
| #define HAVE_STDLIB_H 1
| #define HAVE_STRING_H 1
| #define HAVE_MEMORY_H 1
| #define HAVE_STRINGS_H 1
| #define HAVE_INTTYPES_H 1
| #define HAVE_STDINT_H 1
| #define HAVE_UNISTD_H 1
| #define HAVE_ELF_H 1
| #define HAVE_GETOPT_H 1
| #define HAVE_LIBELF_LIBELF_H 1
| #define HAVE_SYS_TYPES_H 1
| #define HAVE_ELF64_GETEHDR 1
| #define LOCATION_OF_LIBELFHEADER <elf.h>
| #define HAVE_ELF64_R_INFO 1
| #define HAVE___UINT32_T_IN_SYS_TYPES_H 1
| #define HAVE_REGEX 1
| /* end confdefs.h.  */
| 
| #define _GNU_SOURCE
| #include <libelf.h>
| 
| int
| main ()
| {
|   off64_t  p; p = 0;
|   ;
|   return 0;
| }
configure:4196: creating ./config.status

## ---------------------- ##
## Running config.status. ##
## ---------------------- ##

This file was extended by config.status, which was
generated by GNU Autoconf 2.69.  Invocation command line was

  CONFIG_FILES    = 
  CONFIG_HEADERS  = 
  CONFIG_LINKS    = 
  CONFIG_COMMANDS = 
  $ ./config.status 

on cerebro

config.status:815: creating Makefile
config.status:815: creating config.h
config.status:990: config.h is unchanged

## ---------------- ##
## Cache variables. ##
## ---------------- ##

ac_cv_c_compiler_gnu=yes
ac_cv_cxx_compiler_gnu=yes
ac_cv_env_CCC_set=
ac_cv_env_CCC_value=
ac_cv_env_CC_set=
ac_cv_env_CC_value=
ac_cv_env_CFLAGS_set=
ac_cv_env_CFLAGS_value=
ac_cv_env_CPPFLAGS_set=
ac_cv_env_CPPFLAGS_value=
ac_cv_env_CPP_set=
ac_cv_env_CPP_value=
ac_cv_env_CXXFLAGS_set=
ac_cv_env_CXXFLAGS_value=
ac_cv_env_CXX_set=
ac_cv_env_CXX_value=
ac_cv_env_LDFLAGS_set=
ac_cv_env_LDFLAGS_value=
ac_cv_env_LIBS_set=
ac_cv_env_LIBS_value=
ac_cv_env_build_alias_set=
ac_cv_env_build_alias_value=
ac_cv_env_host_alias_set=
ac_cv_env_host_alias_value=
ac_cv_env_target_alias_set=
ac_cv_env_target_alias_value=
ac_cv_header_elf_h=yes
ac_cv_header_getopt_h=yes
ac_cv_header_inttypes_h=yes
ac_cv_header_libelf_h=no
ac_cv_header_libelf_libelf_h=yes
ac_cv_header_memory_h=yes
ac_cv_header_sgidefs_h=no
ac_cv_header_stdc=yes
ac_cv_header_stdint_h=yes
ac_cv_header_stdlib_h=yes
ac_cv_header_string_h=yes
ac_cv_header_strings_h=yes
ac_cv_header_sys_stat_h=yes
ac_cv_header_sys_types_h=yes
ac_cv_header_unistd_h=yes
ac_cv_lib_elf_elf64_getehdr=yes
ac_cv_objext=o
ac_cv_path_EGREP='/usr/bin/grep -E'
ac_cv_path_GREP=/usr/bin/grep
ac_cv_path_install='/usr/bin/ginstall -c'
ac_cv_prog_CPP='gcc -E'
ac_cv_prog_ac_ct_AR=ar
ac_cv_prog_ac_ct_CC=gcc
ac_cv_prog_ac_ct_CXX=g++
ac_cv_prog_ac_ct_RANLIB=ranlib
ac_cv_prog_cc_c89=
ac_cv_prog_cc_g=yes
ac_cv_prog_cxx_g=yes
ac_cv_prog_gcc_traditional=no

## ----------------- ##
## Output variables. ##
## ----------------- ##

AR='ar'
CC='gcc'
CFLAGS='-g -O2'
CPP='gcc -E'
CPPFLAGS=''
CXX='g++'
CXXFLAGS='-g -O2'
DEFS='-DHAVE_CONFIG_H'
ECHO_C=''
ECHO_N='-n'
ECHO_T=''
EGREP='/usr/bin/grep -E'
EXEEXT=''
GREP='/usr/bin/grep'
INSTALL_DATA='${INSTALL} -m 644'
INSTALL_PROGRAM='${INSTALL}'
INSTALL_SCRIPT='${INSTALL}'
LDFLAGS=''
LIBOBJS=''
LIBS=''
LTLIBOBJS=''
OBJEXT='o'
PACKAGE_BUGREPORT=''
PACKAGE_NAME=''
PACKAGE_STRING=''
PACKAGE_TARNAME=''
PACKAGE_URL=''
PACKAGE_VERSION=''
PATH_SEPARATOR=':'
RANLIB='ranlib'
SHELL='/bin/sh'
ac_ct_CC='gcc'
ac_ct_CXX='g++'
bindir='${exec_prefix}/bin'
build_alias=''
datadir='${datarootdir}'
datarootdir='${prefix}/share'
docdir='${datarootdir}/doc/${PACKAGE}'
dvidir='${docdir}'
exec_prefix='${prefix}'
host_alias=''
htmldir='${docdir}'
includedir='${prefix}/include'
infodir='${datarootdir}/info'
libdir='${exec_prefix}/lib'
libexecdir='${exec_prefix}/libexec'
localedir='${datarootdir}/locale'
localstatedir='${prefix}/var'
mandir='${datarootdir}/man'
oldincludedir='/usr/include'
pdfdir='${docdir}'
prefix='/usr/local'
program_transform_name='s,x,x,'
psdir='${docdir}'
sbindir='${exec_prefix}/sbin'
sharedstatedir='${prefix}/com'
sysconfdir='${prefix}/etc'
target_alias=''

## ----------- ##
## confdefs.h. ##
## ----------- ##

/* confdefs.h */
#define PACKAGE_NAME ""
#define PACKAGE_TARNAME ""
#define PACKAGE_VERSION ""
#define PACKAGE_STRING ""
#define PACKAGE_BUGREPORT ""
#define PACKAGE_URL ""
#define STDC_HEADERS 1
#define HAVE_SYS_TYPES_H 1
#define HAVE_SYS_STAT_H 1
#define HAVE_STDLIB_H 1
#define HAVE_STRING_H 1
#define HAVE_MEMORY_H 1
#define HAVE_STRINGS_H 1
#define HAVE_INTTYPES_H 1
#define HAVE_STDINT_H 1
#define HAVE_UNISTD_H 1
#define HAVE_ELF_H 1
#define HAVE_GETOPT_H 1
#define HAVE_LIBELF_LIBELF_H 1
#define HAVE_SYS_TYPES_H 1
#define HAVE_ELF64_GETEHDR 1
#define LOCATION_OF_LIBELFHEADER <elf.h>
#define HAVE_ELF64_R_INFO 1
#define HAVE___UINT32_T_IN_SYS_TYPES_H 1
#define HAVE_REGEX 1

configure: exit 0
