This file contains any messages produced by compilers while
running configure, to aid debugging if configure makes a mistake.

It was created by configure, which was
generated by GNU Autoconf 2.69.  Invocation command line was

  $ ./configure --enable-shared 

## --------- ##
## Platform. ##
## --------- ##

hostname = cerebro
uname -m = i686
uname -r = 3.2.29-smp
uname -s = Linux
uname -v = #2 SMP Mon Sep 17 13:16:43 CDT 2012

/usr/bin/uname -p = Intel(R) Core(TM) i5-3320M CPU @ 2.60GHz
/bin/uname -X     = unknown

/bin/arch              = i686
/usr/bin/arch -k       = unknown
/usr/convex/getsysinfo = unknown
/usr/bin/hostinfo      = unknown
/bin/machine           = unknown
/usr/bin/oslevel       = unknown
/bin/universe          = unknown

PATH: /usr/local/bin
PATH: /usr/bin
PATH: /bin
PATH: /usr/games
PATH: /usr/lib/qt/bin
PATH: /usr/share/texmf/bin
PATH: .


## ----------- ##
## Core tests. ##
## ----------- ##

configure:2097: checking for gcc
configure:2113: found /usr/bin/gcc
configure:2124: result: gcc
configure:2353: checking for C compiler version
configure:2362: gcc --version >&5
gcc (GCC) 4.7.1
Copyright (C) 2012 Free Software Foundation, Inc.
This is free software; see the source for copying conditions.  There is NO
warranty; not even for MERCHANTABILITY or FITNESS FOR A PARTICULAR PURPOSE.

configure:2373: $? = 0
configure:2362: gcc -v >&5
Reading specs from /usr/lib/gcc/i486-slackware-linux/4.7.1/specs
COLLECT_GCC=gcc
COLLECT_LTO_WRAPPER=/usr/libexec/gcc/i486-slackware-linux/4.7.1/lto-wrapper
Target: i486-slackware-linux
Configured with: ../gcc-4.7.1/configure --prefix=/usr --libdir=/usr/lib --mandir=/usr/man --infodir=/usr/info --enable-shared --enable-bootstrap --enable-languages=ada,c,c++,fortran,go,java,lto,objc --enable-threads=posix --enable-checking=release --enable-objc-gc --with-system-zlib --with-python-dir=/lib/python2.7/site-packages --disable-libunwind-exceptions --enable-__cxa_atexit --enable-libssp --enable-lto --with-gnu-ld --verbose --enable-java-home --with-java-home=/usr/lib/jvm/jre --with-jvm-root-dir=/usr/lib/jvm --with-jvm-jar-dir=/usr/lib/jvm/jvm-exports --with-arch-directory=i386 --with-antlr-jar=/root/slackware-current/source/d/gcc/antlr-runtime-3.4.jar --enable-java-awt=gtk --disable-gtktest --with-arch=i486 --target=i486-slackware-linux --build=i486-slackware-linux --host=i486-slackware-linux
Thread model: posix
gcc version 4.7.1 (GCC) 
configure:2373: $? = 0
configure:2362: gcc -V >&5
gcc: error: unrecognized command line option '-V'
gcc: fatal error: no input files
compilation terminated.
configure:2373: $? = 1
configure:2362: gcc -qversion >&5
gcc: error: unrecognized command line option '-qversion'
gcc: fatal error: no input files
compilation terminated.
configure:2373: $? = 1
configure:2393: checking whether the C compiler works
configure:2415: gcc    conftest.c  >&5
configure:2419: $? = 0
configure:2467: result: yes
configure:2470: checking for C compiler default output file name
configure:2472: result: a.out
configure:2478: checking for suffix of executables
configure:2485: gcc -o conftest    conftest.c  >&5
configure:2489: $? = 0
configure:2511: result: 
configure:2533: checking whether we are cross compiling
configure:2541: gcc -o conftest    conftest.c  >&5
configure:2545: $? = 0
configure:2552: ./conftest
configure:2556: $? = 0
configure:2571: result: no
configure:2576: checking for suffix of object files
configure:2598: gcc -c   conftest.c >&5
configure:2602: $? = 0
configure:2623: result: o
configure:2627: checking whether we are using the GNU C compiler
configure:2646: gcc -c   conftest.c >&5
configure:2646: $? = 0
configure:2655: result: yes
configure:2664: checking whether gcc accepts -g
configure:2684: gcc -c -g  conftest.c >&5
configure:2684: $? = 0
configure:2725: result: yes
configure:2742: checking for gcc option to accept ISO C89
configure:2805: gcc  -c -g -O2  conftest.c >&5
configure:2805: $? = 0
configure:2818: result: none needed
configure:2844: checking how to run the C preprocessor
configure:2875: gcc -E  conftest.c
configure:2875: $? = 0
configure:2889: gcc -E  conftest.c
conftest.c:9:28: fatal error: ac_nonexistent.h: No such file or directory
compilation terminated.
configure:2889: $? = 1
configure: failed program was:
| /* confdefs.h */
| #define PACKAGE_NAME ""
| #define PACKAGE_TARNAME ""
| #define PACKAGE_VERSION ""
| #define PACKAGE_STRING ""
| #define PACKAGE_BUGREPORT ""
| #define PACKAGE_URL ""
| /* end confdefs.h.  */
| #include <ac_nonexistent.h>
configure:2914: result: gcc -E
configure:2934: gcc -E  conftest.c
configure:2934: $? = 0
configure:2948: gcc -E  conftest.c
conftest.c:9:28: fatal error: ac_nonexistent.h: No such file or directory
compilation terminated.
configure:2948: $? = 1
configure: failed program was:
| /* confdefs.h */
| #define PACKAGE_NAME ""
| #define PACKAGE_TARNAME ""
| #define PACKAGE_VERSION ""
| #define PACKAGE_STRING ""
| #define PACKAGE_BUGREPORT ""
| #define PACKAGE_URL ""
| /* end confdefs.h.  */
| #include <ac_nonexistent.h>
configure:2977: checking for grep that handles long lines and -e
configure:3035: result: /usr/bin/grep
configure:3040: checking for egrep
configure:3102: result: /usr/bin/grep -E
configure:3107: checking for ANSI C header files
configure:3127: gcc -c -g -O2  conftest.c >&5
configure:3127: $? = 0
configure:3200: gcc -o conftest -g -O2   conftest.c  >&5
configure:3200: $? = 0
configure:3200: ./conftest
configure:3200: $? = 0
configure:3211: result: yes
configure:3224: checking for sys/types.h
configure:3224: gcc -c -g -O2  conftest.c >&5
configure:3224: $? = 0
configure:3224: result: yes
configure:3224: checking for sys/stat.h
configure:3224: gcc -c -g -O2  conftest.c >&5
configure:3224: $? = 0
configure:3224: result: yes
configure:3224: checking for stdlib.h
configure:3224: gcc -c -g -O2  conftest.c >&5
configure:3224: $? = 0
configure:3224: result: yes
configure:3224: checking for string.h
configure:3224: gcc -c -g -O2  conftest.c >&5
configure:3224: $? = 0
configure:3224: result: yes
configure:3224: checking for memory.h
configure:3224: gcc -c -g -O2  conftest.c >&5
configure:3224: $? = 0
configure:3224: result: yes
configure:3224: checking for strings.h
configure:3224: gcc -c -g -O2  conftest.c >&5
configure:3224: $? = 0
configure:3224: result: yes
configure:3224: checking for inttypes.h
configure:3224: gcc -c -g -O2  conftest.c >&5
configure:3224: $? = 0
configure:3224: result: yes
configure:3224: checking for stdint.h
configure:3224: gcc -c -g -O2  conftest.c >&5
configure:3224: $? = 0
configure:3224: result: yes
configure:3224: checking for unistd.h
configure:3224: gcc -c -g -O2  conftest.c >&5
configure:3224: $? = 0
configure:3224: result: yes
configure:3236: checking whether byte ordering is bigendian
configure:3251: gcc -c -g -O2  conftest.c >&5
conftest.c:20:9: error: unknown type name 'not'
conftest.c:20:15: error: expected '=', ',', ';', 'asm' or '__attribute__' before 'universal'
conftest.c:20:15: error: unknown type name 'universal'
configure:3251: $? = 1
configure: failed program was:
| /* confdefs.h */
| #define PACKAGE_NAME ""
| #define PACKAGE_TARNAME ""
| #define PACKAGE_VERSION ""
| #define PACKAGE_STRING ""
| #define PACKAGE_BUGREPORT ""
| #define PACKAGE_URL ""
| #define STDC_HEADERS 1
| #define HAVE_SYS_TYPES_H 1
| #define HAVE_SYS_STAT_H 1
| #define HAVE_STDLIB_H 1
| #define HAVE_STRING_H 1
| #define HAVE_MEMORY_H 1
| #define HAVE_STRINGS_H 1
| #define HAVE_INTTYPES_H 1
| #define HAVE_STDINT_H 1
| #define HAVE_UNISTD_H 1
| /* end confdefs.h.  */
| #ifndef __APPLE_CC__
| 	       not a universal capable compiler
| 	     #endif
| 	     typedef int dummy;
| 
configure:3296: gcc -c -g -O2  conftest.c >&5
configure:3296: $? = 0
configure:3314: gcc -c -g -O2  conftest.c >&5
conftest.c: In function 'main':
conftest.c:26:4: error: unknown type name 'not'
conftest.c:26:12: error: expected '=', ',', ';', 'asm' or '__attribute__' before 'endian'
configure:3314: $? = 1
configure: failed program was:
| /* confdefs.h */
| #define PACKAGE_NAME ""
| #define PACKAGE_TARNAME ""
| #define PACKAGE_VERSION ""
| #define PACKAGE_STRING ""
| #define PACKAGE_BUGREPORT ""
| #define PACKAGE_URL ""
| #define STDC_HEADERS 1
| #define HAVE_SYS_TYPES_H 1
| #define HAVE_SYS_STAT_H 1
| #define HAVE_STDLIB_H 1
| #define HAVE_STRING_H 1
| #define HAVE_MEMORY_H 1
| #define HAVE_STRINGS_H 1
| #define HAVE_INTTYPES_H 1
| #define HAVE_STDINT_H 1
| #define HAVE_UNISTD_H 1
| /* end confdefs.h.  */
| #include <sys/types.h>
| 		#include <sys/param.h>
| 
| int
| main ()
| {
| #if BYTE_ORDER != BIG_ENDIAN
| 		 not big endian
| 		#endif
| 
|   ;
|   return 0;
| }
configure:3442: result: no
configure:3461: checking whether gcc needs -traditional
configure:3495: result: no
configure:3545: checking for a BSD-compatible install
configure:3613: result: /usr/bin/ginstall -c
configure:3667: checking for ranlib
configure:3683: found /usr/bin/ranlib
configure:3694: result: ranlib
configure:3759: checking for ar
configure:3775: found /usr/bin/ar
configure:3786: result: ar
configure:3813: checking alloca.h usability
configure:3813: gcc -c -g -O2  conftest.c >&5
configure:3813: $? = 0
configure:3813: result: yes
configure:3813: checking alloca.h presence
configure:3813: gcc -E  conftest.c
configure:3813: $? = 0
configure:3813: result: yes
configure:3813: checking for alloca.h
configure:3813: result: yes
configure:3813: checking elf.h usability
configure:3813: gcc -c -g -O2  conftest.c >&5
configure:3813: $? = 0
configure:3813: result: yes
configure:3813: checking elf.h presence
configure:3813: gcc -E  conftest.c
configure:3813: $? = 0
configure:3813: result: yes
configure:3813: checking for elf.h
configure:3813: result: yes
configure:3813: checking elfaccess.h usability
configure:3813: gcc -c -g -O2  conftest.c >&5
conftest.c:54:23: fatal error: elfaccess.h: No such file or directory
compilation terminated.
configure:3813: $? = 1
configure: failed program was:
| /* confdefs.h */
| #define PACKAGE_NAME ""
| #define PACKAGE_TARNAME ""
| #define PACKAGE_VERSION ""
| #define PACKAGE_STRING ""
| #define PACKAGE_BUGREPORT ""
| #define PACKAGE_URL ""
| #define STDC_HEADERS 1
| #define HAVE_SYS_TYPES_H 1
| #define HAVE_SYS_STAT_H 1
| #define HAVE_STDLIB_H 1
| #define HAVE_STRING_H 1
| #define HAVE_MEMORY_H 1
| #define HAVE_STRINGS_H 1
| #define HAVE_INTTYPES_H 1
| #define HAVE_STDINT_H 1
| #define HAVE_UNISTD_H 1
| #define HAVE_ALLOCA_H 1
| #define HAVE_ELF_H 1
| /* end confdefs.h.  */
| #include <stdio.h>
| #ifdef HAVE_SYS_TYPES_H
| # include <sys/types.h>
| #endif
| #ifdef HAVE_SYS_STAT_H
| # include <sys/stat.h>
| #endif
| #ifdef STDC_HEADERS
| # include <stdlib.h>
| # include <stddef.h>
| #else
| # ifdef HAVE_STDLIB_H
| #  include <stdlib.h>
| # endif
| #endif
| #ifdef HAVE_STRING_H
| # if !defined STDC_HEADERS && defined HAVE_MEMORY_H
| #  include <memory.h>
| # endif
| # include <string.h>
| #endif
| #ifdef HAVE_STRINGS_H
| # include <strings.h>
| #endif
| #ifdef HAVE_INTTYPES_H
| # include <inttypes.h>
| #endif
| #ifdef HAVE_STDINT_H
| # include <stdint.h>
| #endif
| #ifdef HAVE_UNISTD_H
| # include <unistd.h>
| #endif
| #include <elfaccess.h>
configure:3813: result: no
configure:3813: checking elfaccess.h presence
configure:3813: gcc -E  conftest.c
conftest.c:21:23: fatal error: elfaccess.h: No such file or directory
compilation terminated.
configure:3813: $? = 1
configure: failed program was:
| /* confdefs.h */
| #define PACKAGE_NAME ""
| #define PACKAGE_TARNAME ""
| #define PACKAGE_VERSION ""
| #define PACKAGE_STRING ""
| #define PACKAGE_BUGREPORT ""
| #define PACKAGE_URL ""
| #define STDC_HEADERS 1
| #define HAVE_SYS_TYPES_H 1
| #define HAVE_SYS_STAT_H 1
| #define HAVE_STDLIB_H 1
| #define HAVE_STRING_H 1
| #define HAVE_MEMORY_H 1
| #define HAVE_STRINGS_H 1
| #define HAVE_INTTYPES_H 1
| #define HAVE_STDINT_H 1
| #define HAVE_UNISTD_H 1
| #define HAVE_ALLOCA_H 1
| #define HAVE_ELF_H 1
| /* end confdefs.h.  */
| #include <elfaccess.h>
configure:3813: result: no
configure:3813: checking for elfaccess.h
configure:3813: result: no
configure:3813: checking libelf.h usability
configure:3813: gcc -c -g -O2  conftest.c >&5
conftest.c:54:20: fatal error: libelf.h: No such file or directory
compilation terminated.
configure:3813: $? = 1
configure: failed program was:
| /* confdefs.h */
| #define PACKAGE_NAME ""
| #define PACKAGE_TARNAME ""
| #define PACKAGE_VERSION ""
| #define PACKAGE_STRING ""
| #define PACKAGE_BUGREPORT ""
| #define PACKAGE_URL ""
| #define STDC_HEADERS 1
| #define HAVE_SYS_TYPES_H 1
| #define HAVE_SYS_STAT_H 1
| #define HAVE_STDLIB_H 1
| #define HAVE_STRING_H 1
| #define HAVE_MEMORY_H 1
| #define HAVE_STRINGS_H 1
| #define HAVE_INTTYPES_H 1
| #define HAVE_STDINT_H 1
| #define HAVE_UNISTD_H 1
| #define HAVE_ALLOCA_H 1
| #define HAVE_ELF_H 1
| /* end confdefs.h.  */
| #include <stdio.h>
| #ifdef HAVE_SYS_TYPES_H
| # include <sys/types.h>
| #endif
| #ifdef HAVE_SYS_STAT_H
| # include <sys/stat.h>
| #endif
| #ifdef STDC_HEADERS
| # include <stdlib.h>
| # include <stddef.h>
| #else
| # ifdef HAVE_STDLIB_H
| #  include <stdlib.h>
| # endif
| #endif
| #ifdef HAVE_STRING_H
| # if !defined STDC_HEADERS && defined HAVE_MEMORY_H
| #  include <memory.h>
| # endif
| # include <string.h>
| #endif
| #ifdef HAVE_STRINGS_H
| # include <strings.h>
| #endif
| #ifdef HAVE_INTTYPES_H
| # include <inttypes.h>
| #endif
| #ifdef HAVE_STDINT_H
| # include <stdint.h>
| #endif
| #ifdef HAVE_UNISTD_H
| # include <unistd.h>
| #endif
| #include <libelf.h>
configure:3813: result: no
configure:3813: checking libelf.h presence
configure:3813: gcc -E  conftest.c
conftest.c:21:20: fatal error: libelf.h: No such file or directory
compilation terminated.
configure:3813: $? = 1
configure: failed program was:
| /* confdefs.h */
| #define PACKAGE_NAME ""
| #define PACKAGE_TARNAME ""
| #define PACKAGE_VERSION ""
| #define PACKAGE_STRING ""
| #define PACKAGE_BUGREPORT ""
| #define PACKAGE_URL ""
| #define STDC_HEADERS 1
| #define HAVE_SYS_TYPES_H 1
| #define HAVE_SYS_STAT_H 1
| #define HAVE_STDLIB_H 1
| #define HAVE_STRING_H 1
| #define HAVE_MEMORY_H 1
| #define HAVE_STRINGS_H 1
| #define HAVE_INTTYPES_H 1
| #define HAVE_STDINT_H 1
| #define HAVE_UNISTD_H 1
| #define HAVE_ALLOCA_H 1
| #define HAVE_ELF_H 1
| /* end confdefs.h.  */
| #include <libelf.h>
configure:3813: result: no
configure:3813: checking for libelf.h
configure:3813: result: no
configure:3813: checking libelf/libelf.h usability
configure:3813: gcc -c -g -O2  conftest.c >&5
configure:3813: $? = 0
configure:3813: result: yes
configure:3813: checking libelf/libelf.h presence
configure:3813: gcc -E  conftest.c
configure:3813: $? = 0
configure:3813: result: yes
configure:3813: checking for libelf/libelf.h
configure:3813: result: yes
configure:3813: checking for sys/types.h
configure:3813: result: yes
configure:3813: checking sys/ia64/elf.h usability
configure:3813: gcc -c -g -O2  conftest.c >&5
conftest.c:56:26: fatal error: sys/ia64/elf.h: No such file or directory
compilation terminated.
configure:3813: $? = 1
configure: failed program was:
| /* confdefs.h */
| #define PACKAGE_NAME ""
| #define PACKAGE_TARNAME ""
| #define PACKAGE_VERSION ""
| #define PACKAGE_STRING ""
| #define PACKAGE_BUGREPORT ""
| #define PACKAGE_URL ""
| #define STDC_HEADERS 1
| #define HAVE_SYS_TYPES_H 1
| #define HAVE_SYS_STAT_H 1
| #define HAVE_STDLIB_H 1
| #define HAVE_STRING_H 1
| #define HAVE_MEMORY_H 1
| #define HAVE_STRINGS_H 1
| #define HAVE_INTTYPES_H 1
| #define HAVE_STDINT_H 1
| #define HAVE_UNISTD_H 1
| #define HAVE_ALLOCA_H 1
| #define HAVE_ELF_H 1
| #define HAVE_LIBELF_LIBELF_H 1
| #define HAVE_SYS_TYPES_H 1
| /* end confdefs.h.  */
| #include <stdio.h>
| #ifdef HAVE_SYS_TYPES_H
| # include <sys/types.h>
| #endif
| #ifdef HAVE_SYS_STAT_H
| # include <sys/stat.h>
| #endif
| #ifdef STDC_HEADERS
| # include <stdlib.h>
| # include <stddef.h>
| #else
| # ifdef HAVE_STDLIB_H
| #  include <stdlib.h>
| # endif
| #endif
| #ifdef HAVE_STRING_H
| # if !defined STDC_HEADERS && defined HAVE_MEMORY_H
| #  include <memory.h>
| # endif
| # include <string.h>
| #endif
| #ifdef HAVE_STRINGS_H
| # include <strings.h>
| #endif
| #ifdef HAVE_INTTYPES_H
| # include <inttypes.h>
| #endif
| #ifdef HAVE_STDINT_H
| # include <stdint.h>
| #endif
| #ifdef HAVE_UNISTD_H
| # include <unistd.h>
| #endif
| #include <sys/ia64/elf.h>
configure:3813: result: no
configure:3813: checking sys/ia64/elf.h presence
configure:3813: gcc -E  conftest.c
conftest.c:23:26: fatal error: sys/ia64/elf.h: No such file or directory
compilation terminated.
configure:3813: $? = 1
configure: failed program was:
| /* confdefs.h */
| #define PACKAGE_NAME ""
| #define PACKAGE_TARNAME ""
| #define PACKAGE_VERSION ""
| #define PACKAGE_STRING ""
| #define PACKAGE_BUGREPORT ""
| #define PACKAGE_URL ""
| #define STDC_HEADERS 1
| #define HAVE_SYS_TYPES_H 1
| #define HAVE_SYS_STAT_H 1
| #define HAVE_STDLIB_H 1
| #define HAVE_STRING_H 1
| #define HAVE_MEMORY_H 1
| #define HAVE_STRINGS_H 1
| #define HAVE_INTTYPES_H 1
| #define HAVE_STDINT_H 1
| #define HAVE_UNISTD_H 1
| #define HAVE_ALLOCA_H 1
| #define HAVE_ELF_H 1
| #define HAVE_LIBELF_LIBELF_H 1
| #define HAVE_SYS_TYPES_H 1
| /* end confdefs.h.  */
| #include <sys/ia64/elf.h>
configure:3813: result: no
configure:3813: checking for sys/ia64/elf.h
configure:3813: result: no
configure:3827: checking for elf64_getehdr in -lelf
configure:3852: gcc -o conftest -g -O2   conftest.c -lelf   >&5
configure:3852: $? = 0
configure:3861: result: yes
configure:3869: checking for elf64_getshdr in -lelf
configure:3894: gcc -o conftest -g -O2   conftest.c -lelf   >&5
configure:3894: $? = 0
configure:3903: result: yes
configure:3922: gcc -c -g -O2  conftest.c >&5
conftest.c: In function 'main':
conftest.c:29:1: error: unknown type name '__uint32_t'
configure:3922: $? = 1
configure: failed program was:
| /* confdefs.h */
| #define PACKAGE_NAME ""
| #define PACKAGE_TARNAME ""
| #define PACKAGE_VERSION ""
| #define PACKAGE_STRING ""
| #define PACKAGE_BUGREPORT ""
| #define PACKAGE_URL ""
| #define STDC_HEADERS 1
| #define HAVE_SYS_TYPES_H 1
| #define HAVE_SYS_STAT_H 1
| #define HAVE_STDLIB_H 1
| #define HAVE_STRING_H 1
| #define HAVE_MEMORY_H 1
| #define HAVE_STRINGS_H 1
| #define HAVE_INTTYPES_H 1
| #define HAVE_STDINT_H 1
| #define HAVE_UNISTD_H 1
| #define HAVE_ALLOCA_H 1
| #define HAVE_ELF_H 1
| #define HAVE_LIBELF_LIBELF_H 1
| #define HAVE_SYS_TYPES_H 1
| #define HAVE_ELF64_GETEHDR 1
| #define HAVE_ELF64_GETSHDR 1
| /* end confdefs.h.  */
| 
| int
| main ()
| {
| __uint32_t p; p = 3;
|   ;
|   return 0;
| }
configure:3939: gcc -c -g -O2  conftest.c >&5
conftest.c: In function 'main':
conftest.c:29:1: error: unknown type name '__uint64_t'
configure:3939: $? = 1
configure: failed program was:
| /* confdefs.h */
| #define PACKAGE_NAME ""
| #define PACKAGE_TARNAME ""
| #define PACKAGE_VERSION ""
| #define PACKAGE_STRING ""
| #define PACKAGE_BUGREPORT ""
| #define PACKAGE_URL ""
| #define STDC_HEADERS 1
| #define HAVE_SYS_TYPES_H 1
| #define HAVE_SYS_STAT_H 1
| #define HAVE_STDLIB_H 1
| #define HAVE_STRING_H 1
| #define HAVE_MEMORY_H 1
| #define HAVE_STRINGS_H 1
| #define HAVE_INTTYPES_H 1
| #define HAVE_STDINT_H 1
| #define HAVE_UNISTD_H 1
| #define HAVE_ALLOCA_H 1
| #define HAVE_ELF_H 1
| #define HAVE_LIBELF_LIBELF_H 1
| #define HAVE_SYS_TYPES_H 1
| #define HAVE_ELF64_GETEHDR 1
| #define HAVE_ELF64_GETSHDR 1
| /* end confdefs.h.  */
| 
| int
| main ()
| {
| __uint64_t p; p = 3;
|   ;
|   return 0;
| }
configure:3956: gcc -c -g -O2  conftest.c >&5
configure:3956: $? = 0
configure:3973: gcc -c -g -O2  conftest.c >&5
configure:3973: $? = 0
configure:3993: gcc -c -g -O2  conftest.c >&5
conftest.c:28:36: error: conflicting types for 'Elf'
In file included from conftest.c:27:0:
/usr/include/libelf/libelf.h:128:20: note: previous declaration of 'Elf' was here
configure:3993: $? = 1
configure: failed program was:
| /* confdefs.h */
| #define PACKAGE_NAME ""
| #define PACKAGE_TARNAME ""
| #define PACKAGE_VERSION ""
| #define PACKAGE_STRING ""
| #define PACKAGE_BUGREPORT ""
| #define PACKAGE_URL ""
| #define STDC_HEADERS 1
| #define HAVE_SYS_TYPES_H 1
| #define HAVE_SYS_STAT_H 1
| #define HAVE_STDLIB_H 1
| #define HAVE_STRING_H 1
| #define HAVE_MEMORY_H 1
| #define HAVE_STRINGS_H 1
| #define HAVE_INTTYPES_H 1
| #define HAVE_STDINT_H 1
| #define HAVE_UNISTD_H 1
| #define HAVE_ALLOCA_H 1
| #define HAVE_ELF_H 1
| #define HAVE_LIBELF_LIBELF_H 1
| #define HAVE_SYS_TYPES_H 1
| #define HAVE_ELF64_GETEHDR 1
| #define HAVE_ELF64_GETSHDR 1
| #define HAVE___UINT32_T_IN_SYS_TYPES_H 1
| #define HAVE___UINT64_T_IN_SYS_TYPES_H 1
| /* end confdefs.h.  */
| #include <libelf/libelf.h>
|   struct _Elf; typedef struct _Elf Elf;
| int
| main ()
| {
| struct _Elf *a = 0;
|   ;
|   return 0;
| }
configure:4012: gcc -c -g -O2  conftest.c >&5
conftest.c:27:20: fatal error: libelf.h: No such file or directory
compilation terminated.
configure:4012: $? = 1
configure: failed program was:
| /* confdefs.h */
| #define PACKAGE_NAME ""
| #define PACKAGE_TARNAME ""
| #define PACKAGE_VERSION ""
| #define PACKAGE_STRING ""
| #define PACKAGE_BUGREPORT ""
| #define PACKAGE_URL ""
| #define STDC_HEADERS 1
| #define HAVE_SYS_TYPES_H 1
| #define HAVE_SYS_STAT_H 1
| #define HAVE_STDLIB_H 1
| #define HAVE_STRING_H 1
| #define HAVE_MEMORY_H 1
| #define HAVE_STRINGS_H 1
| #define HAVE_INTTYPES_H 1
| #define HAVE_STDINT_H 1
| #define HAVE_UNISTD_H 1
| #define HAVE_ALLOCA_H 1
| #define HAVE_ELF_H 1
| #define HAVE_LIBELF_LIBELF_H 1
| #define HAVE_SYS_TYPES_H 1
| #define HAVE_ELF64_GETEHDR 1
| #define HAVE_ELF64_GETSHDR 1
| #define HAVE___UINT32_T_IN_SYS_TYPES_H 1
| #define HAVE___UINT64_T_IN_SYS_TYPES_H 1
| /* end confdefs.h.  */
| #include <libelf.h>
|   struct _Elf; typedef struct _Elf Elf;
| int
| main ()
| {
|  struct _Elf *a = 0;
|   ;
|   return 0;
| }
configure:4032: gcc -c -g -O2  conftest.c >&5
conftest.c: In function 'main':
conftest.c:31:14: error: 'R_IA_64_DIR32LSB' undeclared (first use in this function)
conftest.c:31:14: note: each undeclared identifier is reported only once for each function it appears in
configure:4032: $? = 1
configure: failed program was:
| /* confdefs.h */
| #define PACKAGE_NAME ""
| #define PACKAGE_TARNAME ""
| #define PACKAGE_VERSION ""
| #define PACKAGE_STRING ""
| #define PACKAGE_BUGREPORT ""
| #define PACKAGE_URL ""
| #define STDC_HEADERS 1
| #define HAVE_SYS_TYPES_H 1
| #define HAVE_SYS_STAT_H 1
| #define HAVE_STDLIB_H 1
| #define HAVE_STRING_H 1
| #define HAVE_MEMORY_H 1
| #define HAVE_STRINGS_H 1
| #define HAVE_INTTYPES_H 1
| #define HAVE_STDINT_H 1
| #define HAVE_UNISTD_H 1
| #define HAVE_ALLOCA_H 1
| #define HAVE_ELF_H 1
| #define HAVE_LIBELF_LIBELF_H 1
| #define HAVE_SYS_TYPES_H 1
| #define HAVE_ELF64_GETEHDR 1
| #define HAVE_ELF64_GETSHDR 1
| #define HAVE___UINT32_T_IN_SYS_TYPES_H 1
| #define HAVE___UINT64_T_IN_SYS_TYPES_H 1
| /* end confdefs.h.  */
| #include <elf.h>
| int
| main ()
| {
|   int p; p = R_IA_64_DIR32LSB;
|   ;
|   return 0;
| }
configure:4050: gcc -c -g -O2  conftest.c >&5
conftest.c:27:20: fatal error: libelf.h: No such file or directory
compilation terminated.
configure:4050: $? = 1
configure: failed program was:
| /* confdefs.h */
| #define PACKAGE_NAME ""
| #define PACKAGE_TARNAME ""
| #define PACKAGE_VERSION ""
| #define PACKAGE_STRING ""
| #define PACKAGE_BUGREPORT ""
| #define PACKAGE_URL ""
| #define STDC_HEADERS 1
| #define HAVE_SYS_TYPES_H 1
| #define HAVE_SYS_STAT_H 1
| #define HAVE_STDLIB_H 1
| #define HAVE_STRING_H 1
| #define HAVE_MEMORY_H 1
| #define HAVE_STRINGS_H 1
| #define HAVE_INTTYPES_H 1
| #define HAVE_STDINT_H 1
| #define HAVE_UNISTD_H 1
| #define HAVE_ALLOCA_H 1
| #define HAVE_ELF_H 1
| #define HAVE_LIBELF_LIBELF_H 1
| #define HAVE_SYS_TYPES_H 1
| #define HAVE_ELF64_GETEHDR 1
| #define HAVE_ELF64_GETSHDR 1
| #define HAVE___UINT32_T_IN_SYS_TYPES_H 1
| #define HAVE___UINT64_T_IN_SYS_TYPES_H 1
| /* end confdefs.h.  */
| #include <libelf.h>
| int
| main ()
| {
|  struct _Elf a; int i; i = 0;
|   ;
|   return 0;
| }
configure:4070: gcc -c -g -O2  conftest.c >&5
conftest.c:28:20: fatal error: libelf.h: No such file or directory
compilation terminated.
configure:4070: $? = 1
configure: failed program was:
| /* confdefs.h */
| #define PACKAGE_NAME ""
| #define PACKAGE_TARNAME ""
| #define PACKAGE_VERSION ""
| #define PACKAGE_STRING ""
| #define PACKAGE_BUGREPORT ""
| #define PACKAGE_URL ""
| #define STDC_HEADERS 1
| #define HAVE_SYS_TYPES_H 1
| #define HAVE_SYS_STAT_H 1
| #define HAVE_STDLIB_H 1
| #define HAVE_STRING_H 1
| #define HAVE_MEMORY_H 1
| #define HAVE_STRINGS_H 1
| #define HAVE_INTTYPES_H 1
| #define HAVE_STDINT_H 1
| #define HAVE_UNISTD_H 1
| #define HAVE_ALLOCA_H 1
| #define HAVE_ELF_H 1
| #define HAVE_LIBELF_LIBELF_H 1
| #define HAVE_SYS_TYPES_H 1
| #define HAVE_ELF64_GETEHDR 1
| #define HAVE_ELF64_GETSHDR 1
| #define HAVE___UINT32_T_IN_SYS_TYPES_H 1
| #define HAVE___UINT64_T_IN_SYS_TYPES_H 1
| /* end confdefs.h.  */
| 
| #include <libelf.h>
| 
| int
| main ()
| {
|   int p; p = 0;
|   ;
|   return 0;
| }
configure:4090: gcc -c -g -O2  conftest.c >&5
conftest.c:29:20: fatal error: libelf.h: No such file or directory
compilation terminated.
configure:4090: $? = 1
configure: failed program was:
| /* confdefs.h */
| #define PACKAGE_NAME ""
| #define PACKAGE_TARNAME ""
| #define PACKAGE_VERSION ""
| #define PACKAGE_STRING ""
| #define PACKAGE_BUGREPORT ""
| #define PACKAGE_URL ""
| #define STDC_HEADERS 1
| #define HAVE_SYS_TYPES_H 1
| #define HAVE_SYS_STAT_H 1
| #define HAVE_STDLIB_H 1
| #define HAVE_STRING_H 1
| #define HAVE_MEMORY_H 1
| #define HAVE_STRINGS_H 1
| #define HAVE_INTTYPES_H 1
| #define HAVE_STDINT_H 1
| #define HAVE_UNISTD_H 1
| #define HAVE_ALLOCA_H 1
| #define HAVE_ELF_H 1
| #define HAVE_LIBELF_LIBELF_H 1
| #define HAVE_SYS_TYPES_H 1
| #define HAVE_ELF64_GETEHDR 1
| #define HAVE_ELF64_GETSHDR 1
| #define HAVE___UINT32_T_IN_SYS_TYPES_H 1
| #define HAVE___UINT64_T_IN_SYS_TYPES_H 1
| /* end confdefs.h.  */
| 
| #define _GNU_SOURCE
| #include <libelf.h>
| 
| int
| main ()
| {
|   off64_t  p; p = 0;
|   ;
|   return 0;
| }
configure:4108: gcc -c -g -O2  conftest.c >&5
conftest.c:27:21: fatal error: sgidefs.h: No such file or directory
compilation terminated.
configure:4108: $? = 1
configure: failed program was:
| /* confdefs.h */
| #define PACKAGE_NAME ""
| #define PACKAGE_TARNAME ""
| #define PACKAGE_VERSION ""
| #define PACKAGE_STRING ""
| #define PACKAGE_BUGREPORT ""
| #define PACKAGE_URL ""
| #define STDC_HEADERS 1
| #define HAVE_SYS_TYPES_H 1
| #define HAVE_SYS_STAT_H 1
| #define HAVE_STDLIB_H 1
| #define HAVE_STRING_H 1
| #define HAVE_MEMORY_H 1
| #define HAVE_STRINGS_H 1
| #define HAVE_INTTYPES_H 1
| #define HAVE_STDINT_H 1
| #define HAVE_UNISTD_H 1
| #define HAVE_ALLOCA_H 1
| #define HAVE_ELF_H 1
| #define HAVE_LIBELF_LIBELF_H 1
| #define HAVE_SYS_TYPES_H 1
| #define HAVE_ELF64_GETEHDR 1
| #define HAVE_ELF64_GETSHDR 1
| #define HAVE___UINT32_T_IN_SYS_TYPES_H 1
| #define HAVE___UINT64_T_IN_SYS_TYPES_H 1
| /* end confdefs.h.  */
| #include <sgidefs.h>
| int
| main ()
| {
|   __uint32_t p; p = 27;
|   ;
|   return 0;
| }
configure:4125: gcc -c -g -O2  conftest.c >&5
conftest.c:27:21: fatal error: sgidefs.h: No such file or directory
compilation terminated.
configure:4125: $? = 1
configure: failed program was:
| /* confdefs.h */
| #define PACKAGE_NAME ""
| #define PACKAGE_TARNAME ""
| #define PACKAGE_VERSION ""
| #define PACKAGE_STRING ""
| #define PACKAGE_BUGREPORT ""
| #define PACKAGE_URL ""
| #define STDC_HEADERS 1
| #define HAVE_SYS_TYPES_H 1
| #define HAVE_SYS_STAT_H 1
| #define HAVE_STDLIB_H 1
| #define HAVE_STRING_H 1
| #define HAVE_MEMORY_H 1
| #define HAVE_STRINGS_H 1
| #define HAVE_INTTYPES_H 1
| #define HAVE_STDINT_H 1
| #define HAVE_UNISTD_H 1
| #define HAVE_ALLOCA_H 1
| #define HAVE_ELF_H 1
| #define HAVE_LIBELF_LIBELF_H 1
| #define HAVE_SYS_TYPES_H 1
| #define HAVE_ELF64_GETEHDR 1
| #define HAVE_ELF64_GETSHDR 1
| #define HAVE___UINT32_T_IN_SYS_TYPES_H 1
| #define HAVE___UINT64_T_IN_SYS_TYPES_H 1
| /* end confdefs.h.  */
| #include <sgidefs.h>
| int
| main ()
| {
|   __uint64_t p; p = 27;
|   ;
|   return 0;
| }
configure:4142: gcc -c -g -O2  conftest.c >&5
conftest.c:27:21: fatal error: sgidefs.h: No such file or directory
compilation terminated.
configure:4142: $? = 1
configure: failed program was:
| /* confdefs.h */
| #define PACKAGE_NAME ""
| #define PACKAGE_TARNAME ""
| #define PACKAGE_VERSION ""
| #define PACKAGE_STRING ""
| #define PACKAGE_BUGREPORT ""
| #define PACKAGE_URL ""
| #define STDC_HEADERS 1
| #define HAVE_SYS_TYPES_H 1
| #define HAVE_SYS_STAT_H 1
| #define HAVE_STDLIB_H 1
| #define HAVE_STRING_H 1
| #define HAVE_MEMORY_H 1
| #define HAVE_STRINGS_H 1
| #define HAVE_INTTYPES_H 1
| #define HAVE_STDINT_H 1
| #define HAVE_UNISTD_H 1
| #define HAVE_ALLOCA_H 1
| #define HAVE_ELF_H 1
| #define HAVE_LIBELF_LIBELF_H 1
| #define HAVE_SYS_TYPES_H 1
| #define HAVE_ELF64_GETEHDR 1
| #define HAVE_ELF64_GETSHDR 1
| #define HAVE___UINT32_T_IN_SYS_TYPES_H 1
| #define HAVE___UINT64_T_IN_SYS_TYPES_H 1
| /* end confdefs.h.  */
| #include <sgidefs.h>
| int
| main ()
| {
|   __uint64_t p; p = 27;
|   ;
|   return 0;
| }
configure:4159: gcc -c -g -O2  conftest.c >&5
configure:4159: $? = 0
configure:4176: gcc -c -g -O2  conftest.c >&5
configure:4176: $? = 0
configure:4263: gcc -c -g -O2  conftest.c >&5
conftest.c:29:20: fatal error: stdafx.h: No such file or directory
compilation terminated.
configure:4263: $? = 1
configure: failed program was:
| /* confdefs.h */
| #define PACKAGE_NAME ""
| #define PACKAGE_TARNAME ""
| #define PACKAGE_VERSION ""
| #define PACKAGE_STRING ""
| #define PACKAGE_BUGREPORT ""
| #define PACKAGE_URL ""
| #define STDC_HEADERS 1
| #define HAVE_SYS_TYPES_H 1
| #define HAVE_SYS_STAT_H 1
| #define HAVE_STDLIB_H 1
| #define HAVE_STRING_H 1
| #define HAVE_MEMORY_H 1
| #define HAVE_STRINGS_H 1
| #define HAVE_INTTYPES_H 1
| #define HAVE_STDINT_H 1
| #define HAVE_UNISTD_H 1
| #define HAVE_ALLOCA_H 1
| #define HAVE_ELF_H 1
| #define HAVE_LIBELF_LIBELF_H 1
| #define HAVE_SYS_TYPES_H 1
| #define HAVE_ELF64_GETEHDR 1
| #define HAVE_ELF64_GETSHDR 1
| #define HAVE___UINT32_T_IN_SYS_TYPES_H 1
| #define HAVE___UINT64_T_IN_SYS_TYPES_H 1
| #define HAVE_ELF64_RELA 1
| #define HAVE_ELF64_SYM 1
| /* end confdefs.h.  */
| #include "stdafx.h"
| int
| main ()
| {
|   int p; p = 27;
|   ;
|   return 0;
| }
configure:4407: creating ./config.status

## ---------------------- ##
## Running config.status. ##
## ---------------------- ##

This file was extended by config.status, which was
generated by GNU Autoconf 2.69.  Invocation command line was

  CONFIG_FILES    = 
  CONFIG_HEADERS  = 
  CONFIG_LINKS    = 
  CONFIG_COMMANDS = 
  $ ./config.status 

on cerebro

config.status:818: creating Makefile
config.status:818: creating config.h
config.status:993: config.h is unchanged

## ---------------- ##
## Cache variables. ##
## ---------------- ##

ac_cv_c_bigendian=no
ac_cv_c_compiler_gnu=yes
ac_cv_env_CC_set=
ac_cv_env_CC_value=
ac_cv_env_CFLAGS_set=
ac_cv_env_CFLAGS_value=
ac_cv_env_CPPFLAGS_set=
ac_cv_env_CPPFLAGS_value=
ac_cv_env_CPP_set=
ac_cv_env_CPP_value=
ac_cv_env_LDFLAGS_set=
ac_cv_env_LDFLAGS_value=
ac_cv_env_LIBS_set=
ac_cv_env_LIBS_value=
ac_cv_env_build_alias_set=set
ac_cv_env_build_alias_value=
ac_cv_env_host_alias_set=set
ac_cv_env_host_alias_value=
ac_cv_env_target_alias_set=set
ac_cv_env_target_alias_value=
ac_cv_header_alloca_h=yes
ac_cv_header_elf_h=yes
ac_cv_header_elfaccess_h=no
ac_cv_header_inttypes_h=yes
ac_cv_header_libelf_h=no
ac_cv_header_libelf_libelf_h=yes
ac_cv_header_memory_h=yes
ac_cv_header_stdc=yes
ac_cv_header_stdint_h=yes
ac_cv_header_stdlib_h=yes
ac_cv_header_string_h=yes
ac_cv_header_strings_h=yes
ac_cv_header_sys_ia64_elf_h=no
ac_cv_header_sys_stat_h=yes
ac_cv_header_sys_types_h=yes
ac_cv_header_unistd_h=yes
ac_cv_lib_elf_elf64_getehdr=yes
ac_cv_lib_elf_elf64_getshdr=yes
ac_cv_objext=o
ac_cv_path_EGREP='/usr/bin/grep -E'
ac_cv_path_GREP=/usr/bin/grep
ac_cv_path_install='/usr/bin/ginstall -c'
ac_cv_prog_CPP='gcc -E'
ac_cv_prog_ac_ct_AR=ar
ac_cv_prog_ac_ct_CC=gcc
ac_cv_prog_ac_ct_RANLIB=ranlib
ac_cv_prog_cc_c89=
ac_cv_prog_cc_g=yes
ac_cv_prog_gcc_traditional=no

## ----------------- ##
## Output variables. ##
## ----------------- ##

AR='ar'
CC='gcc'
CFLAGS='-g -O2'
CPP='gcc -E'
CPPFLAGS=''
DEFS='-DHAVE_CONFIG_H'
ECHO_C=''
ECHO_N='-n'
ECHO_T=''
EGREP='/usr/bin/grep -E'
EXEEXT=''
GREP='/usr/bin/grep'
INSTALL_DATA='${INSTALL} -m 644'
INSTALL_PROGRAM='${INSTALL}'
INSTALL_SCRIPT='${INSTALL}'
LDFLAGS=''
LIBOBJS=''
LIBS=''
LTLIBOBJS=''
OBJEXT='o'
PACKAGE_BUGREPORT=''
PACKAGE_NAME=''
PACKAGE_STRING=''
PACKAGE_TARNAME=''
PACKAGE_URL=''
PACKAGE_VERSION=''
PATH_SEPARATOR=':'
RANLIB='ranlib'
SHELL='/bin/sh'
ac_ct_CC='gcc'
bindir='${exec_prefix}/bin'
build_alias=''
build_nonshared='libdwarf.a'
build_shared='libdwarf.so'
datadir='${datarootdir}'
datarootdir='${prefix}/share'
docdir='${datarootdir}/doc/${PACKAGE}'
dvidir='${docdir}'
dwarf_namestable='-s'
dwfpic='-fPIC'
exec_prefix='${prefix}'
host_alias=''
htmldir='${docdir}'
includedir='${prefix}/include'
infodir='${datarootdir}/info'
libdir='${exec_prefix}/lib'
libexecdir='${exec_prefix}/libexec'
localedir='${datarootdir}/locale'
localstatedir='${prefix}/var'
mandir='${datarootdir}/man'
oldincludedir='/usr/include'
pdfdir='${docdir}'
prefix='/usr/local'
program_transform_name='s,x,x,'
psdir='${docdir}'
sbindir='${exec_prefix}/sbin'
sharedstatedir='${prefix}/com'
sysconfdir='${prefix}/etc'
target_alias=''

## ----------- ##
## confdefs.h. ##
## ----------- ##

/* confdefs.h */
#define PACKAGE_NAME ""
#define PACKAGE_TARNAME ""
#define PACKAGE_VERSION ""
#define PACKAGE_STRING ""
#define PACKAGE_BUGREPORT ""
#define PACKAGE_URL ""
#define STDC_HEADERS 1
#define HAVE_SYS_TYPES_H 1
#define HAVE_SYS_STAT_H 1
#define HAVE_STDLIB_H 1
#define HAVE_STRING_H 1
#define HAVE_MEMORY_H 1
#define HAVE_STRINGS_H 1
#define HAVE_INTTYPES_H 1
#define HAVE_STDINT_H 1
#define HAVE_UNISTD_H 1
#define HAVE_ALLOCA_H 1
#define HAVE_ELF_H 1
#define HAVE_LIBELF_LIBELF_H 1
#define HAVE_SYS_TYPES_H 1
#define HAVE_ELF64_GETEHDR 1
#define HAVE_ELF64_GETSHDR 1
#define HAVE___UINT32_T_IN_SYS_TYPES_H 1
#define HAVE___UINT64_T_IN_SYS_TYPES_H 1
#define HAVE_ELF64_RELA 1
#define HAVE_ELF64_SYM 1
#define HAVE_DWARF2_99_EXTENSION 1

configure: exit 0
