This file contains any messages produced by compilers while
running configure, to aid debugging if configure makes a mistake.

It was created by configure, which was
generated by GNU Autoconf 2.69.  Invocation command line was

  $ ./configure --enable-shared

## --------- ##
## Platform. ##
## --------- ##

hostname = cerebro
uname -m = i686
uname -r = 3.2.29-smp
uname -s = Linux
uname -v = #2 SMP Mon Sep 17 13:16:43 CDT 2012

/usr/bin/uname -p = Intel(R) Core(TM) i5-3320M CPU @ 2.60GHz
/bin/uname -X     = unknown

/bin/arch              = i686
/usr/bin/arch -k       = unknown
/usr/convex/getsysinfo = unknown
/usr/bin/hostinfo      = unknown
/bin/machine           = unknown
/usr/bin/oslevel       = unknown
/bin/universe          = unknown

PATH: /usr/local/bin
PATH: /usr/bin
PATH: /bin
PATH: /usr/games
PATH: /usr/lib/qt/bin
PATH: /usr/share/texmf/bin
PATH: .


## ----------- ##
## Core tests. ##
## ----------- ##

configure:1939: checking for gcc
configure:1955: found /usr/bin/gcc
configure:1966: result: gcc
configure:2195: checking for C compiler version
configure:2204: gcc --version >&5
gcc (GCC) 4.7.1
Copyright (C) 2012 Free Software Foundation, Inc.
This is free software; see the source for copying conditions.  There is NO
warranty; not even for MERCHANTABILITY or FITNESS FOR A PARTICULAR PURPOSE.

configure:2215: $? = 0
configure:2204: gcc -v >&5
Reading specs from /usr/lib/gcc/i486-slackware-linux/4.7.1/specs
COLLECT_GCC=gcc
COLLECT_LTO_WRAPPER=/usr/libexec/gcc/i486-slackware-linux/4.7.1/lto-wrapper
Target: i486-slackware-linux
Configured with: ../gcc-4.7.1/configure --prefix=/usr --libdir=/usr/lib --mandir=/usr/man --infodir=/usr/info --enable-shared --enable-bootstrap --enable-languages=ada,c,c++,fortran,go,java,lto,objc --enable-threads=posix --enable-checking=release --enable-objc-gc --with-system-zlib --with-python-dir=/lib/python2.7/site-packages --disable-libunwind-exceptions --enable-__cxa_atexit --enable-libssp --enable-lto --with-gnu-ld --verbose --enable-java-home --with-java-home=/usr/lib/jvm/jre --with-jvm-root-dir=/usr/lib/jvm --with-jvm-jar-dir=/usr/lib/jvm/jvm-exports --with-arch-directory=i386 --with-antlr-jar=/root/slackware-current/source/d/gcc/antlr-runtime-3.4.jar --enable-java-awt=gtk --disable-gtktest --with-arch=i486 --target=i486-slackware-linux --build=i486-slackware-linux --host=i486-slackware-linux
Thread model: posix
gcc version 4.7.1 (GCC) 
configure:2215: $? = 0
configure:2204: gcc -V >&5
gcc: error: unrecognized command line option '-V'
gcc: fatal error: no input files
compilation terminated.
configure:2215: $? = 1
configure:2204: gcc -qversion >&5
gcc: error: unrecognized command line option '-qversion'
gcc: fatal error: no input files
compilation terminated.
configure:2215: $? = 1
configure:2235: checking whether the C compiler works
configure:2257: gcc    conftest.c  >&5
configure:2261: $? = 0
configure:2309: result: yes
configure:2312: checking for C compiler default output file name
configure:2314: result: a.out
configure:2320: checking for suffix of executables
configure:2327: gcc -o conftest    conftest.c  >&5
configure:2331: $? = 0
configure:2353: result: 
configure:2375: checking whether we are cross compiling
configure:2383: gcc -o conftest    conftest.c  >&5
configure:2387: $? = 0
configure:2394: ./conftest
configure:2398: $? = 0
configure:2413: result: no
configure:2418: checking for suffix of object files
configure:2440: gcc -c   conftest.c >&5
configure:2444: $? = 0
configure:2465: result: o
configure:2469: checking whether we are using the GNU C compiler
configure:2488: gcc -c   conftest.c >&5
configure:2488: $? = 0
configure:2497: result: yes
configure:2506: checking whether gcc accepts -g
configure:2526: gcc -c -g  conftest.c >&5
configure:2526: $? = 0
configure:2567: result: yes
configure:2584: checking for gcc option to accept ISO C89
configure:2647: gcc  -c -g -O2  conftest.c >&5
configure:2647: $? = 0
configure:2660: result: none needed
configure:2686: checking how to run the C preprocessor
configure:2717: gcc -E  conftest.c
configure:2717: $? = 0
configure:2731: gcc -E  conftest.c
conftest.c:9:28: fatal error: ac_nonexistent.h: No such file or directory
compilation terminated.
configure:2731: $? = 1
configure: failed program was:
| /* confdefs.h */
| #define PACKAGE_NAME ""
| #define PACKAGE_TARNAME ""
| #define PACKAGE_VERSION ""
| #define PACKAGE_STRING ""
| #define PACKAGE_BUGREPORT ""
| #define PACKAGE_URL ""
| /* end confdefs.h.  */
| #include <ac_nonexistent.h>
configure:2756: result: gcc -E
configure:2776: gcc -E  conftest.c
configure:2776: $? = 0
configure:2790: gcc -E  conftest.c
conftest.c:9:28: fatal error: ac_nonexistent.h: No such file or directory
compilation terminated.
configure:2790: $? = 1
configure: failed program was:
| /* confdefs.h */
| #define PACKAGE_NAME ""
| #define PACKAGE_TARNAME ""
| #define PACKAGE_VERSION ""
| #define PACKAGE_STRING ""
| #define PACKAGE_BUGREPORT ""
| #define PACKAGE_URL ""
| /* end confdefs.h.  */
| #include <ac_nonexistent.h>
configure:2819: checking for grep that handles long lines and -e
configure:2877: result: /usr/bin/grep
configure:2882: checking for egrep
configure:2944: result: /usr/bin/grep -E
configure:2949: checking for ANSI C header files
configure:2969: gcc -c -g -O2  conftest.c >&5
configure:2969: $? = 0
configure:3042: gcc -o conftest -g -O2   conftest.c  >&5
configure:3042: $? = 0
configure:3042: ./conftest
configure:3042: $? = 0
configure:3053: result: yes
configure:3066: checking for sys/types.h
configure:3066: gcc -c -g -O2  conftest.c >&5
configure:3066: $? = 0
configure:3066: result: yes
configure:3066: checking for sys/stat.h
configure:3066: gcc -c -g -O2  conftest.c >&5
configure:3066: $? = 0
configure:3066: result: yes
configure:3066: checking for stdlib.h
configure:3066: gcc -c -g -O2  conftest.c >&5
configure:3066: $? = 0
configure:3066: result: yes
configure:3066: checking for string.h
configure:3066: gcc -c -g -O2  conftest.c >&5
configure:3066: $? = 0
configure:3066: result: yes
configure:3066: checking for memory.h
configure:3066: gcc -c -g -O2  conftest.c >&5
configure:3066: $? = 0
configure:3066: result: yes
configure:3066: checking for strings.h
configure:3066: gcc -c -g -O2  conftest.c >&5
configure:3066: $? = 0
configure:3066: result: yes
configure:3066: checking for inttypes.h
configure:3066: gcc -c -g -O2  conftest.c >&5
configure:3066: $? = 0
configure:3066: result: yes
configure:3066: checking for stdint.h
configure:3066: gcc -c -g -O2  conftest.c >&5
configure:3066: $? = 0
configure:3066: result: yes
configure:3066: checking for unistd.h
configure:3066: gcc -c -g -O2  conftest.c >&5
configure:3066: $? = 0
configure:3066: result: yes
configure:3078: checking whether byte ordering is bigendian
configure:3093: gcc -c -g -O2  conftest.c >&5
conftest.c:20:9: error: unknown type name 'not'
conftest.c:20:15: error: expected '=', ',', ';', 'asm' or '__attribute__' before 'universal'
conftest.c:20:15: error: unknown type name 'universal'
configure:3093: $? = 1
configure: failed program was:
| /* confdefs.h */
| #define PACKAGE_NAME ""
| #define PACKAGE_TARNAME ""
| #define PACKAGE_VERSION ""
| #define PACKAGE_STRING ""
| #define PACKAGE_BUGREPORT ""
| #define PACKAGE_URL ""
| #define STDC_HEADERS 1
| #define HAVE_SYS_TYPES_H 1
| #define HAVE_SYS_STAT_H 1
| #define HAVE_STDLIB_H 1
| #define HAVE_STRING_H 1
| #define HAVE_MEMORY_H 1
| #define HAVE_STRINGS_H 1
| #define HAVE_INTTYPES_H 1
| #define HAVE_STDINT_H 1
| #define HAVE_UNISTD_H 1
| /* end confdefs.h.  */
| #ifndef __APPLE_CC__
| 	       not a universal capable compiler
| 	     #endif
| 	     typedef int dummy;
| 
configure:3138: gcc -c -g -O2  conftest.c >&5
configure:3138: $? = 0
configure:3156: gcc -c -g -O2  conftest.c >&5
conftest.c: In function 'main':
conftest.c:26:4: error: unknown type name 'not'
conftest.c:26:12: error: expected '=', ',', ';', 'asm' or '__attribute__' before 'endian'
configure:3156: $? = 1
configure: failed program was:
| /* confdefs.h */
| #define PACKAGE_NAME ""
| #define PACKAGE_TARNAME ""
| #define PACKAGE_VERSION ""
| #define PACKAGE_STRING ""
| #define PACKAGE_BUGREPORT ""
| #define PACKAGE_URL ""
| #define STDC_HEADERS 1
| #define HAVE_SYS_TYPES_H 1
| #define HAVE_SYS_STAT_H 1
| #define HAVE_STDLIB_H 1
| #define HAVE_STRING_H 1
| #define HAVE_MEMORY_H 1
| #define HAVE_STRINGS_H 1
| #define HAVE_INTTYPES_H 1
| #define HAVE_STDINT_H 1
| #define HAVE_UNISTD_H 1
| /* end confdefs.h.  */
| #include <sys/types.h>
| 		#include <sys/param.h>
| 
| int
| main ()
| {
| #if BYTE_ORDER != BIG_ENDIAN
| 		 not big endian
| 		#endif
| 
|   ;
|   return 0;
| }
configure:3284: result: no
configure:3303: checking whether gcc needs -traditional
configure:3337: result: no
configure:3387: checking for a BSD-compatible install
configure:3455: result: /usr/bin/ginstall -c
configure:3509: checking for ranlib
configure:3525: found /usr/bin/ranlib
configure:3536: result: ranlib
configure:3601: checking for ar
configure:3617: found /usr/bin/ar
configure:3628: result: ar
configure:3825: creating ./config.status

## ---------------------- ##
## Running config.status. ##
## ---------------------- ##

This file was extended by config.status, which was
generated by GNU Autoconf 2.69.  Invocation command line was

  CONFIG_FILES    = 
  CONFIG_HEADERS  = 
  CONFIG_LINKS    = 
  CONFIG_COMMANDS = 
  $ ./config.status 

on cerebro

config.status:803: creating Makefile
config.status:803: creating config.h
config.status:978: config.h is unchanged

## ---------------- ##
## Cache variables. ##
## ---------------- ##

ac_cv_c_bigendian=no
ac_cv_c_compiler_gnu=yes
ac_cv_env_CC_set=
ac_cv_env_CC_value=
ac_cv_env_CFLAGS_set=
ac_cv_env_CFLAGS_value=
ac_cv_env_CPPFLAGS_set=
ac_cv_env_CPPFLAGS_value=
ac_cv_env_CPP_set=
ac_cv_env_CPP_value=
ac_cv_env_LDFLAGS_set=
ac_cv_env_LDFLAGS_value=
ac_cv_env_LIBS_set=
ac_cv_env_LIBS_value=
ac_cv_env_build_alias_set=
ac_cv_env_build_alias_value=
ac_cv_env_host_alias_set=
ac_cv_env_host_alias_value=
ac_cv_env_target_alias_set=
ac_cv_env_target_alias_value=
ac_cv_header_inttypes_h=yes
ac_cv_header_memory_h=yes
ac_cv_header_stdc=yes
ac_cv_header_stdint_h=yes
ac_cv_header_stdlib_h=yes
ac_cv_header_string_h=yes
ac_cv_header_strings_h=yes
ac_cv_header_sys_stat_h=yes
ac_cv_header_sys_types_h=yes
ac_cv_header_unistd_h=yes
ac_cv_objext=o
ac_cv_path_EGREP='/usr/bin/grep -E'
ac_cv_path_GREP=/usr/bin/grep
ac_cv_path_install='/usr/bin/ginstall -c'
ac_cv_prog_CPP='gcc -E'
ac_cv_prog_ac_ct_AR=ar
ac_cv_prog_ac_ct_CC=gcc
ac_cv_prog_ac_ct_RANLIB=ranlib
ac_cv_prog_cc_c89=
ac_cv_prog_cc_g=yes
ac_cv_prog_gcc_traditional=no

## ----------------- ##
## Output variables. ##
## ----------------- ##

AR='ar'
CC='gcc'
CFLAGS='-g -O2'
CPP='gcc -E'
CPPFLAGS=''
DEFS='-DHAVE_CONFIG_H'
ECHO_C=''
ECHO_N='-n'
ECHO_T=''
EGREP='/usr/bin/grep -E'
EXEEXT=''
GREP='/usr/bin/grep'
INSTALL_DATA='${INSTALL} -m 644'
INSTALL_PROGRAM='${INSTALL}'
INSTALL_SCRIPT='${INSTALL}'
LDFLAGS=''
LIBOBJS=''
LIBS=''
LTLIBOBJS=''
OBJEXT='o'
PACKAGE_BUGREPORT=''
PACKAGE_NAME=''
PACKAGE_STRING=''
PACKAGE_TARNAME=''
PACKAGE_URL=''
PACKAGE_VERSION=''
PATH_SEPARATOR=':'
RANLIB='ranlib'
SHELL='/bin/sh'
ac_ct_CC='gcc'
bindir='${exec_prefix}/bin'
build_alias=''
datadir='${datarootdir}'
datarootdir='${prefix}/share'
docdir='${datarootdir}/doc/${PACKAGE}'
dvidir='${docdir}'
exec_prefix='${prefix}'
host_alias=''
htmldir='${docdir}'
includedir='${prefix}/include'
infodir='${datarootdir}/info'
libdir='${exec_prefix}/lib'
libexecdir='${exec_prefix}/libexec'
localedir='${datarootdir}/locale'
localstatedir='${prefix}/var'
mandir='${datarootdir}/man'
oldincludedir='/usr/include'
pdfdir='${docdir}'
prefix='/usr/local'
program_transform_name='s,x,x,'
psdir='${docdir}'
sbindir='${exec_prefix}/sbin'
sharedstatedir='${prefix}/com'
sysconfdir='${prefix}/etc'
target_alias=''

## ----------- ##
## confdefs.h. ##
## ----------- ##

/* confdefs.h */
#define PACKAGE_NAME ""
#define PACKAGE_TARNAME ""
#define PACKAGE_VERSION ""
#define PACKAGE_STRING ""
#define PACKAGE_BUGREPORT ""
#define PACKAGE_URL ""
#define STDC_HEADERS 1
#define HAVE_SYS_TYPES_H 1
#define HAVE_SYS_STAT_H 1
#define HAVE_STDLIB_H 1
#define HAVE_STRING_H 1
#define HAVE_MEMORY_H 1
#define HAVE_STRINGS_H 1
#define HAVE_INTTYPES_H 1
#define HAVE_STDINT_H 1
#define HAVE_UNISTD_H 1

configure: exit 0
